TN:
SF:src\App.jsx
FN:24,(anonymous_0)
FN:36,(anonymous_1)
FN:48,PageTransitionWrapper
FN:64,App
FNF:4
FNH:0
FNDA:0,(anonymous_0)
FNDA:0,(anonymous_1)
FNDA:0,PageTransitionWrapper
FNDA:0,App
DA:24,0
DA:25,0
DA:27,0
DA:29,0
DA:30,0
DA:33,0
DA:36,0
DA:37,0
DA:39,0
DA:41,0
DA:42,0
DA:45,0
DA:49,0
DA:50,0
DA:52,0
DA:65,0
LF:16
LH:0
BRDA:27,0,0,0
BRDA:27,0,1,0
BRDA:29,1,0,0
BRDA:29,1,1,0
BRDA:36,2,0,0
BRDA:39,3,0,0
BRDA:39,3,1,0
BRDA:41,4,0,0
BRDA:41,4,1,0
BRDA:41,5,0,0
BRDA:41,5,1,0
BRDA:56,6,0,0
BRDA:56,6,1,0
BRF:13
BRH:0
end_of_record
TN:
SF:src\components\auth\GoogleAuthButton.jsx
FN:7,GoogleAuthButton
FN:13,(anonymous_1)
FN:45,(anonymous_2)
FNF:3
FNH:0
FNDA:0,GoogleAuthButton
FNDA:0,(anonymous_1)
FNDA:0,(anonymous_2)
DA:8,0
DA:9,0
DA:10,0
DA:11,0
DA:13,0
DA:14,0
DA:15,0
DA:16,0
DA:17,0
DA:18,0
DA:20,0
DA:21,0
DA:23,0
DA:27,0
DA:46,0
DA:47,0
LF:16
LH:0
BRDA:29,0,0,0
BRDA:29,0,1,0
BRDA:37,1,0,0
BRDA:37,1,1,0
BRF:4
BRH:0
end_of_record
TN:
SF:src\components\dashboard\AIPredictionCard.jsx
FN:83,AIPredictionCard
FN:89,(anonymous_1)
FN:103,(anonymous_2)
FN:106,(anonymous_3)
FN:107,(anonymous_4)
FN:109,(anonymous_5)
FN:273,(anonymous_6)
FN:328,(anonymous_7)
FNF:8
FNH:0
FNDA:0,AIPredictionCard
FNDA:0,(anonymous_1)
FNDA:0,(anonymous_2)
FNDA:0,(anonymous_3)
FNDA:0,(anonymous_4)
FNDA:0,(anonymous_5)
FNDA:0,(anonymous_6)
FNDA:0,(anonymous_7)
DA:14,0
DA:26,0
DA:35,0
DA:69,0
DA:78,0
DA:79,0
DA:89,0
DA:90,0
DA:91,0
DA:95,0
DA:96,0
DA:97,0
DA:99,0
DA:100,0
DA:103,0
DA:104,0
DA:106,0
DA:107,0
DA:108,0
DA:109,0
DA:112,0
DA:115,0
DA:116,0
DA:130,0
DA:274,0
DA:278,0
DA:280,0
DA:329,0
DA:330,0
DA:331,0
DA:332,0
DA:334,0
LF:32
LH:0
BRDA:95,0,0,0
BRDA:95,0,1,0
BRDA:96,1,0,0
BRDA:96,1,1,0
BRDA:99,2,0,0
BRDA:99,2,1,0
BRDA:103,3,0,0
BRDA:103,3,1,0
BRDA:112,4,0,0
BRDA:112,4,1,0
BRDA:115,5,0,0
BRDA:115,5,1,0
BRDA:161,6,0,0
BRDA:161,6,1,0
BRDA:218,7,0,0
BRDA:218,7,1,0
BRDA:237,8,0,0
BRDA:237,8,1,0
BRDA:265,9,0,0
BRDA:265,9,1,0
BRDA:278,10,0,0
BRDA:278,10,1,0
BRDA:322,11,0,0
BRDA:322,11,1,0
BRDA:322,11,2,0
BRDA:329,12,0,0
BRDA:329,12,1,0
BRDA:330,13,0,0
BRDA:330,13,1,0
BRDA:332,14,0,0
BRDA:332,14,1,0
BRDA:364,15,0,0
BRDA:364,15,1,0
BRDA:364,15,2,0
BRF:34
BRH:0
end_of_record
TN:
SF:src\components\dashboard\AddTransactionModal.jsx
FN:8,AddTransactionModal
FN:35,(anonymous_1)
FN:52,(anonymous_2)
FN:58,(anonymous_3)
FN:89,(anonymous_4)
FN:115,(anonymous_5)
FN:151,(anonymous_6)
FN:162,(anonymous_7)
FN:186,(anonymous_8)
FN:202,(anonymous_9)
FN:207,(anonymous_10)
FN:222,(anonymous_11)
FN:236,(anonymous_12)
FN:267,(anonymous_13)
FN:292,(anonymous_14)
FNF:15
FNH:0
FNDA:0,AddTransactionModal
FNDA:0,(anonymous_1)
FNDA:0,(anonymous_2)
FNDA:0,(anonymous_3)
FNDA:0,(anonymous_4)
FNDA:0,(anonymous_5)
FNDA:0,(anonymous_6)
FNDA:0,(anonymous_7)
FNDA:0,(anonymous_8)
FNDA:0,(anonymous_9)
FNDA:0,(anonymous_10)
FNDA:0,(anonymous_11)
FNDA:0,(anonymous_12)
FNDA:0,(anonymous_13)
FNDA:0,(anonymous_14)
DA:9,0
DA:10,0
DA:11,0
DA:12,0
DA:13,0
DA:14,0
DA:17,0
DA:24,0
DA:35,0
DA:36,0
DA:37,0
DA:39,0
DA:40,0
DA:41,0
DA:44,0
DA:45,0
DA:46,0
DA:49,0
DA:51,0
DA:52,0
DA:53,0
DA:55,0
DA:58,0
DA:59,0
DA:61,0
DA:62,0
DA:63,0
DA:66,0
DA:67,0
DA:68,0
DA:75,0
DA:76,0
DA:77,0
DA:79,0
DA:80,0
DA:85,0
DA:89,0
DA:90,0
DA:91,0
DA:92,0
DA:95,0
DA:96,0
DA:97,0
DA:98,0
DA:102,0
DA:103,0
DA:105,0
DA:106,0
DA:111,0
DA:115,0
DA:116,0
DA:117,0
DA:118,0
DA:119,0
DA:125,0
DA:126,0
DA:128,0
DA:131,0
DA:133,0
DA:151,0
DA:162,0
DA:187,0
DA:203,0
DA:208,0
DA:223,0
DA:237,0
DA:267,0
DA:293,0
DA:294,0
DA:295,0
DA:296,0
LF:71
LH:0
BRDA:37,0,0,0
BRDA:37,0,1,0
BRDA:39,1,0,0
BRDA:39,1,1,0
BRDA:44,2,0,0
BRDA:44,2,1,0
BRDA:61,3,0,0
BRDA:61,3,1,0
BRDA:61,4,0,0
BRDA:61,4,1,0
BRDA:77,5,0,0
BRDA:77,5,1,0
BRDA:81,6,0,0
BRDA:81,6,1,0
BRDA:90,7,0,0
BRDA:90,7,1,0
BRDA:103,8,0,0
BRDA:103,8,1,0
BRDA:107,9,0,0
BRDA:107,9,1,0
BRDA:125,10,0,0
BRDA:125,10,1,0
BRDA:131,11,0,0
BRDA:131,11,1,0
BRDA:153,12,0,0
BRDA:153,12,1,0
BRDA:164,13,0,0
BRDA:164,13,1,0
BRDA:177,14,0,0
BRDA:177,14,1,0
BRDA:257,15,0,0
BRDA:257,15,1,0
BRDA:259,16,0,0
BRDA:259,16,1,0
BRDA:265,17,0,0
BRDA:265,17,1,0
BRDA:295,18,0,0
BRDA:295,18,1,0
BRDA:325,19,0,0
BRDA:325,19,1,0
BRDA:327,20,0,0
BRDA:327,20,1,0
BRF:42
BRH:0
end_of_record
TN:
SF:src\components\dashboard\ChatbotWidget.jsx
FN:14,ChatMessage
FN:45,ChatbotWidget
FN:61,(anonymous_2)
FN:66,(anonymous_3)
FN:68,(anonymous_4)
FN:75,(anonymous_5)
FN:81,(anonymous_6)
FN:88,(anonymous_7)
FN:89,(anonymous_8)
FN:97,(anonymous_9)
FN:102,(anonymous_10)
FN:114,(anonymous_11)
FN:142,(anonymous_12)
FN:151,(anonymous_13)
FN:176,(anonymous_14)
FN:179,(anonymous_15)
FN:196,(anonymous_16)
FN:203,(anonymous_17)
FN:216,(anonymous_18)
FN:216,(anonymous_19)
FNF:20
FNH:0
FNDA:0,ChatMessage
FNDA:0,ChatbotWidget
FNDA:0,(anonymous_2)
FNDA:0,(anonymous_3)
FNDA:0,(anonymous_4)
FNDA:0,(anonymous_5)
FNDA:0,(anonymous_6)
FNDA:0,(anonymous_7)
FNDA:0,(anonymous_8)
FNDA:0,(anonymous_9)
FNDA:0,(anonymous_10)
FNDA:0,(anonymous_11)
FNDA:0,(anonymous_12)
FNDA:0,(anonymous_13)
FNDA:0,(anonymous_14)
FNDA:0,(anonymous_15)
FNDA:0,(anonymous_16)
FNDA:0,(anonymous_17)
FNDA:0,(anonymous_18)
FNDA:0,(anonymous_19)
DA:7,0
DA:15,0
DA:16,0
DA:46,0
DA:47,0
DA:48,0
DA:55,0
DA:56,0
DA:57,0
DA:58,0
DA:61,0
DA:62,0
DA:66,0
DA:67,0
DA:68,0
DA:73,0
DA:75,0
DA:76,0
DA:77,0
DA:80,0
DA:81,0
DA:82,0
DA:83,0
DA:85,0
DA:87,0
DA:88,0
DA:89,0
DA:91,0
DA:97,0
DA:102,0
DA:110,0
DA:114,0
DA:115,0
DA:116,0
DA:117,0
DA:121,0
DA:142,0
DA:152,0
DA:177,0
DA:179,0
DA:196,0
DA:203,0
DA:216,0
LF:43
LH:0
BRDA:17,0,0,0
BRDA:17,0,1,0
BRDA:21,1,0,0
BRDA:21,1,1,0
BRDA:23,2,0,0
BRDA:23,2,1,0
BRDA:34,3,0,0
BRDA:34,3,1,0
BRDA:67,4,0,0
BRDA:67,4,1,0
BRDA:73,5,0,0
BRDA:73,5,1,0
BRDA:76,6,0,0
BRDA:76,6,1,0
BRDA:77,7,0,0
BRDA:77,7,1,0
BRDA:77,8,0,0
BRDA:77,8,1,0
BRDA:115,9,0,0
BRDA:115,9,1,0
BRDA:115,10,0,0
BRDA:115,10,1,0
BRDA:124,11,0,0
BRDA:124,11,1,0
BRDA:156,12,0,0
BRDA:156,12,1,0
BRDA:170,13,0,0
BRDA:170,13,1,0
BRDA:204,14,0,0
BRDA:204,14,1,0
BRDA:220,15,0,0
BRDA:220,15,1,0
BRF:32
BRH:0
end_of_record
TN:
SF:src\components\dashboard\DashboardLayout.jsx
FN:7,DashboardLayout
FN:12,(anonymous_1)
FN:30,(anonymous_2)
FN:38,(anonymous_3)
FN:43,(anonymous_4)
FNF:5
FNH:0
FNDA:0,DashboardLayout
FNDA:0,(anonymous_1)
FNDA:0,(anonymous_2)
FNDA:0,(anonymous_3)
FNDA:0,(anonymous_4)
DA:8,0
DA:9,0
DA:12,0
DA:13,0
DA:15,0
DA:17,0
DA:19,0
DA:21,0
DA:23,0
DA:27,0
DA:30,0
DA:32,0
DA:34,0
DA:38,0
DA:43,0
LF:15
LH:0
BRDA:13,0,0,0
BRDA:13,0,1,0
BRDA:13,0,2,0
BRDA:13,0,3,0
BRDA:13,0,4,0
BRF:5
BRH:0
end_of_record
TN:
SF:src\components\dashboard\EditTransactionModal.jsx
FN:17,EditTransactionModal
FN:35,(anonymous_1)
FN:42,(anonymous_2)
FN:43,(anonymous_3)
FN:47,(anonymous_4)
FN:52,(anonymous_5)
FN:82,(anonymous_6)
FN:82,(anonymous_7)
FN:82,(anonymous_8)
FN:88,(anonymous_9)
FN:167,(anonymous_10)
FNF:11
FNH:0
FNDA:0,EditTransactionModal
FNDA:0,(anonymous_1)
FNDA:0,(anonymous_2)
FNDA:0,(anonymous_3)
FNDA:0,(anonymous_4)
FNDA:0,(anonymous_5)
FNDA:0,(anonymous_6)
FNDA:0,(anonymous_7)
FNDA:0,(anonymous_8)
FNDA:0,(anonymous_9)
FNDA:0,(anonymous_10)
DA:6,0
DA:22,0
DA:23,0
DA:24,0
DA:26,0
DA:35,0
DA:36,0
DA:37,0
DA:38,0
DA:42,0
DA:43,0
DA:44,0
DA:46,0
DA:47,0
DA:50,0
DA:52,0
DA:53,0
DA:54,0
DA:55,0
DA:56,0
DA:57,0
DA:60,0
DA:61,0
DA:62,0
DA:68,0
DA:69,0
DA:70,0
DA:72,0
DA:73,0
DA:78,0
DA:82,0
DA:84,0
DA:89,0
DA:168,0
LF:34
LH:0
BRDA:27,0,0,0
BRDA:27,0,1,0
BRDA:28,1,0,0
BRDA:28,1,1,0
BRDA:29,2,0,0
BRDA:29,2,1,0
BRDA:30,3,0,0
BRDA:30,3,1,0
BRDA:36,4,0,0
BRDA:36,4,1,0
BRDA:44,5,0,0
BRDA:44,5,1,0
BRDA:50,6,0,0
BRDA:50,6,1,0
BRDA:55,7,0,0
BRDA:55,7,1,0
BRDA:55,8,0,0
BRDA:55,8,1,0
BRDA:70,9,0,0
BRDA:70,9,1,0
BRDA:74,10,0,0
BRDA:74,10,1,0
BRDA:89,11,0,0
BRDA:89,11,1,0
BRDA:203,12,0,0
BRDA:203,12,1,0
BRDA:208,13,0,0
BRDA:208,13,1,0
BRF:28
BRH:0
end_of_record
TN:
SF:src\components\dashboard\Header.jsx
FN:16,getInitials
FN:20,(anonymous_1)
FN:26,getGreeting
FN:34,Header
FN:49,(anonymous_4)
FN:50,handleMouseDown
FN:56,(anonymous_6)
FN:59,handleSignOut
FN:105,(anonymous_8)
FN:105,(anonymous_9)
FN:155,(anonymous_10)
FNF:11
FNH:0
FNDA:0,getInitials
FNDA:0,(anonymous_1)
FNDA:0,getGreeting
FNDA:0,Header
FNDA:0,(anonymous_4)
FNDA:0,handleMouseDown
FNDA:0,(anonymous_6)
FNDA:0,handleSignOut
FNDA:0,(anonymous_8)
FNDA:0,(anonymous_9)
FNDA:0,(anonymous_10)
DA:6,0
DA:17,0
DA:18,0
DA:20,0
DA:27,0
DA:28,0
DA:29,0
DA:30,0
DA:31,0
DA:35,0
DA:36,0
DA:37,0
DA:38,0
DA:39,0
DA:41,0
DA:45,0
DA:46,0
DA:49,0
DA:51,0
DA:52,0
DA:55,0
DA:56,0
DA:60,0
DA:61,0
DA:62,0
DA:65,0
DA:105,0
DA:155,0
LF:28
LH:0
BRDA:17,0,0,0
BRDA:17,0,1,0
BRDA:28,1,0,0
BRDA:28,1,1,0
BRDA:28,2,0,0
BRDA:28,2,1,0
BRDA:29,3,0,0
BRDA:29,3,1,0
BRDA:29,4,0,0
BRDA:29,4,1,0
BRDA:30,5,0,0
BRDA:30,5,1,0
BRDA:30,6,0,0
BRDA:30,6,1,0
BRDA:41,7,0,0
BRDA:41,7,1,0
BRDA:46,8,0,0
BRDA:46,8,1,0
BRDA:51,9,0,0
BRDA:51,9,1,0
BRDA:51,10,0,0
BRDA:51,10,1,0
BRDA:84,11,0,0
BRDA:84,11,1,0
BRDA:114,12,0,0
BRDA:114,12,1,0
BRDA:117,13,0,0
BRDA:117,13,1,0
BRDA:133,14,0,0
BRDA:133,14,1,0
BRDA:144,15,0,0
BRDA:144,15,1,0
BRF:32
BRH:0
end_of_record
TN:
SF:src\components\dashboard\ScanStrukUpload.jsx
FN:33,ScanLoadingOverlay
FN:37,(anonymous_1)
FN:39,(anonymous_2)
FN:40,(anonymous_3)
FN:46,(anonymous_4)
FN:51,(anonymous_5)
FN:65,(anonymous_6)
FN:74,(anonymous_7)
FN:100,(anonymous_8)
FN:111,ReceiptOverlay
FN:190,ScanStrukUpload
FN:206,(anonymous_11)
FN:208,(anonymous_12)
FN:214,(anonymous_13)
FN:230,(anonymous_14)
FN:251,(anonymous_15)
FN:257,(anonymous_16)
FN:262,(anonymous_17)
FN:279,(anonymous_18)
FN:295,(anonymous_19)
FN:314,(anonymous_20)
FN:319,(anonymous_21)
FN:341,(anonymous_22)
FN:352,(anonymous_23)
FN:353,(anonymous_24)
FN:354,(anonymous_25)
FN:361,(anonymous_26)
FN:381,(anonymous_27)
FN:388,(anonymous_28)
FN:433,(anonymous_29)
FN:514,(anonymous_30)
FNF:31
FNH:0
FNDA:0,ScanLoadingOverlay
FNDA:0,(anonymous_1)
FNDA:0,(anonymous_2)
FNDA:0,(anonymous_3)
FNDA:0,(anonymous_4)
FNDA:0,(anonymous_5)
FNDA:0,(anonymous_6)
FNDA:0,(anonymous_7)
FNDA:0,(anonymous_8)
FNDA:0,ReceiptOverlay
FNDA:0,ScanStrukUpload
FNDA:0,(anonymous_11)
FNDA:0,(anonymous_12)
FNDA:0,(anonymous_13)
FNDA:0,(anonymous_14)
FNDA:0,(anonymous_15)
FNDA:0,(anonymous_16)
FNDA:0,(anonymous_17)
FNDA:0,(anonymous_18)
FNDA:0,(anonymous_19)
FNDA:0,(anonymous_20)
FNDA:0,(anonymous_21)
FNDA:0,(anonymous_22)
FNDA:0,(anonymous_23)
FNDA:0,(anonymous_24)
FNDA:0,(anonymous_25)
FNDA:0,(anonymous_26)
FNDA:0,(anonymous_27)
FNDA:0,(anonymous_28)
FNDA:0,(anonymous_29)
FNDA:0,(anonymous_30)
DA:22,0
DA:24,0
DA:31,0
DA:34,0
DA:35,0
DA:37,0
DA:39,0
DA:40,0
DA:44,0
DA:45,0
DA:46,0
DA:47,0
DA:48,0
DA:51,0
DA:52,0
DA:53,0
DA:57,0
DA:59,0
DA:66,0
DA:75,0
DA:101,0
DA:112,0
DA:113,0
DA:114,0
DA:115,0
DA:116,0
DA:117,0
DA:124,0
DA:191,0
DA:192,0
DA:193,0
DA:194,0
DA:195,0
DA:196,0
DA:197,0
DA:198,0
DA:200,0
DA:201,0
DA:202,0
DA:203,0
DA:204,0
DA:206,0
DA:207,0
DA:208,0
DA:209,0
DA:213,0
DA:215,0
DA:216,0
DA:217,0
DA:218,0
DA:219,0
DA:227,0
DA:228,0
DA:229,0
DA:230,0
DA:231,0
DA:234,0
DA:235,0
DA:236,0
DA:239,0
DA:240,0
DA:242,0
DA:251,0
DA:252,0
DA:253,0
DA:254,0
DA:257,0
DA:258,0
DA:259,0
DA:262,0
DA:263,0
DA:264,0
DA:265,0
DA:267,0
DA:268,0
DA:270,0
DA:271,0
DA:272,0
DA:273,0
DA:275,0
DA:276,0
DA:277,0
DA:279,0
DA:281,0
DA:284,0
DA:285,0
DA:286,0
DA:287,0
DA:288,0
DA:295,0
DA:296,0
DA:297,0
DA:299,0
DA:300,0
DA:304,0
DA:306,0
DA:307,0
DA:308,0
DA:311,0
DA:312,0
DA:313,0
DA:314,0
DA:315,0
DA:316,0
DA:319,0
DA:320,0
DA:321,0
DA:322,0
DA:323,0
DA:324,0
DA:325,0
DA:329,0
DA:331,0
DA:332,0
DA:337,0
DA:341,0
DA:342,0
DA:343,0
DA:344,0
DA:345,0
DA:346,0
DA:347,0
DA:348,0
DA:349,0
DA:352,0
DA:353,0
DA:354,0
DA:355,0
DA:356,0
DA:361,0
DA:362,0
DA:365,0
DA:368,0
DA:381,0
DA:389,0
DA:390,0
DA:433,0
DA:515,0
LF:138
LH:0
BRDA:40,0,0,0
BRDA:40,0,1,0
BRDA:103,1,0,0
BRDA:103,1,1,0
BRDA:207,2,0,0
BRDA:207,2,1,0
BRDA:214,3,0,0
BRDA:228,4,0,0
BRDA:228,4,1,0
BRDA:235,5,0,0
BRDA:235,5,1,0
BRDA:239,6,0,0
BRDA:239,6,1,0
BRDA:252,7,0,0
BRDA:252,7,1,0
BRDA:259,8,0,0
BRDA:259,8,1,0
BRDA:265,9,0,0
BRDA:265,9,1,0
BRDA:265,10,0,0
BRDA:265,10,1,0
BRDA:297,11,0,0
BRDA:297,11,1,0
BRDA:299,12,0,0
BRDA:299,12,1,0
BRDA:306,13,0,0
BRDA:306,13,1,0
BRDA:320,14,0,0
BRDA:320,14,1,0
BRDA:329,15,0,0
BRDA:329,15,1,0
BRDA:333,16,0,0
BRDA:333,16,1,0
BRDA:347,17,0,0
BRDA:347,17,1,0
BRDA:372,18,0,0
BRDA:372,18,1,0
BRDA:374,19,0,0
BRDA:374,19,1,0
BRDA:399,20,0,0
BRDA:399,20,1,0
BRDA:408,21,0,0
BRDA:408,21,1,0
BRDA:410,22,0,0
BRDA:410,22,1,0
BRDA:461,23,0,0
BRDA:461,23,1,0
BRDA:463,24,0,0
BRDA:463,24,1,0
BRDA:482,25,0,0
BRDA:482,25,1,0
BRDA:503,26,0,0
BRDA:503,26,1,0
BRDA:503,26,2,0
BRDA:534,27,0,0
BRDA:534,27,1,0
BRDA:542,28,0,0
BRDA:542,28,1,0
BRDA:557,29,0,0
BRDA:557,29,1,0
BRDA:559,30,0,0
BRDA:559,30,1,0
BRDA:575,31,0,0
BRDA:575,31,1,0
BRF:64
BRH:0
end_of_record
TN:
SF:src\components\dashboard\Sidebar.jsx
FN:31,getUserInitials
FN:39,Sidebar
FN:130,(anonymous_2)
FN:141,(anonymous_3)
FN:241,(anonymous_4)
FN:241,(anonymous_5)
FNF:6
FNH:5
FNDA:13,getUserInitials
FNDA:13,Sidebar
FNDA:91,(anonymous_2)
FNDA:0,(anonymous_3)
FNDA:9,(anonymous_4)
FNDA:9,(anonymous_5)
DA:21,1
DA:32,13
DA:33,13
DA:34,13
DA:35,13
DA:36,0
DA:40,13
DA:41,13
DA:42,13
DA:43,13
DA:45,13
DA:49,13
DA:51,13
DA:131,91
DA:132,91
DA:134,91
DA:141,0
DA:241,9
LF:18
LH:16
BRDA:32,0,0,0
BRDA:32,0,1,13
BRDA:33,1,0,13
BRDA:33,1,1,0
BRDA:33,1,2,0
BRDA:33,1,3,0
BRDA:35,2,0,13
BRDA:35,2,1,0
BRDA:36,3,0,0
BRDA:36,3,1,0
BRDA:45,4,0,0
BRDA:45,4,1,13
BRDA:49,5,0,5
BRDA:49,5,1,8
BRDA:54,6,0,13
BRDA:54,6,1,13
BRDA:70,7,0,13
BRDA:70,7,1,0
BRDA:91,8,0,13
BRDA:91,8,1,8
BRDA:117,9,0,13
BRDA:117,9,1,8
BRDA:138,10,0,35
BRDA:138,10,1,56
BRDA:140,11,0,13
BRDA:140,11,1,78
BRDA:146,12,0,13
BRDA:146,12,1,78
BRDA:149,13,0,35
BRDA:149,13,1,56
BRDA:153,14,0,91
BRDA:153,14,1,13
BRDA:164,15,0,13
BRDA:164,15,1,78
BRDA:168,16,0,91
BRDA:168,16,1,56
BRDA:171,17,0,91
BRDA:171,17,1,13
BRDA:171,17,2,8
BRDA:185,18,0,13
BRDA:185,18,1,8
BRDA:185,18,2,8
BRDA:201,19,0,8
BRDA:201,19,1,0
BRDA:201,19,2,0
BRDA:212,20,0,13
BRDA:212,20,1,5
BRDA:212,20,2,5
BRDA:225,21,0,5
BRDA:225,21,1,8
BRDA:232,22,0,5
BRDA:232,22,1,8
BRDA:236,23,0,13
BRDA:236,23,1,8
BRDA:242,24,0,5
BRDA:242,24,1,8
BRDA:248,25,0,5
BRDA:248,25,1,8
BRDA:251,26,0,5
BRDA:251,26,1,8
BRF:60
BRH:49
end_of_record
TN:
SF:src\components\dashboard\StatCard.jsx
FN:10,extractNumber
FN:51,reformat
FN:90,getCardGradient
FN:126,StatCard
FNF:4
FNH:0
FNDA:0,extractNumber
FNDA:0,reformat
FNDA:0,getCardGradient
FNDA:0,StatCard
DA:11,0
DA:12,0
DA:14,0
DA:15,0
DA:17,0
DA:18,0
DA:21,0
DA:24,0
DA:25,0
DA:28,0
DA:29,0
DA:32,0
DA:33,0
DA:34,0
DA:38,0
DA:39,0
DA:40,0
DA:41,0
DA:44,0
DA:52,0
DA:53,0
DA:55,0
DA:56,0
DA:58,0
DA:59,0
DA:61,0
DA:62,0
DA:64,0
DA:65,0
DA:66,0
DA:67,0
DA:68,0
DA:71,0
DA:72,0
DA:73,0
DA:74,0
DA:79,0
DA:83,0
DA:91,0
DA:106,0
DA:107,0
DA:108,0
DA:136,0
DA:138,0
DA:139,0
DA:141,0
DA:143,0
LF:47
LH:0
BRDA:11,0,0,0
BRDA:11,0,1,0
BRDA:12,1,0,0
BRDA:12,1,1,0
BRDA:15,2,0,0
BRDA:15,2,1,0
BRDA:17,3,0,0
BRDA:17,3,1,0
BRDA:18,4,0,0
BRDA:18,4,1,0
BRDA:21,5,0,0
BRDA:21,5,1,0
BRDA:24,6,0,0
BRDA:24,6,1,0
BRDA:24,7,0,0
BRDA:24,7,1,0
BRDA:28,8,0,0
BRDA:28,8,1,0
BRDA:28,9,0,0
BRDA:28,9,1,0
BRDA:32,10,0,0
BRDA:32,10,1,0
BRDA:32,11,0,0
BRDA:32,11,1,0
BRDA:33,12,0,0
BRDA:33,12,1,0
BRDA:38,13,0,0
BRDA:38,13,1,0
BRDA:38,14,0,0
BRDA:38,14,1,0
BRDA:39,15,0,0
BRDA:39,15,1,0
BRDA:52,16,0,0
BRDA:52,16,1,0
BRDA:53,17,0,0
BRDA:53,17,1,0
BRDA:56,18,0,0
BRDA:56,18,1,0
BRDA:59,19,0,0
BRDA:59,19,1,0
BRDA:62,20,0,0
BRDA:62,20,1,0
BRDA:66,21,0,0
BRDA:66,21,1,0
BRDA:68,22,0,0
BRDA:68,22,1,0
BRDA:74,23,0,0
BRDA:74,23,1,0
BRDA:79,24,0,0
BRDA:79,24,1,0
BRDA:79,25,0,0
BRDA:79,25,1,0
BRDA:80,26,0,0
BRDA:80,26,1,0
BRDA:106,27,0,0
BRDA:106,27,1,0
BRDA:107,28,0,0
BRDA:107,28,1,0
BRDA:131,29,0,0
BRDA:132,30,0,0
BRDA:139,31,0,0
BRDA:139,31,1,0
BRDA:141,32,0,0
BRDA:141,32,1,0
BRDA:152,33,0,0
BRDA:152,33,1,0
BRDA:182,34,0,0
BRDA:182,34,1,0
BRDA:186,35,0,0
BRDA:186,35,1,0
BRDA:191,36,0,0
BRDA:191,36,1,0
BRDA:212,37,0,0
BRDA:212,37,1,0
BRF:74
BRH:0
end_of_record
TN:
SF:src\components\landing\CTASection.jsx
FN:5,useReveal
FN:8,(anonymous_1)
FN:9,(anonymous_2)
FN:14,(anonymous_3)
FN:19,CTASection
FN:24,(anonymous_5)
FN:25,(anonymous_6)
FN:34,(anonymous_7)
FN:172,(anonymous_8)
FNF:9
FNH:0
FNDA:0,useReveal
FNDA:0,(anonymous_1)
FNDA:0,(anonymous_2)
FNDA:0,(anonymous_3)
FNDA:0,CTASection
FNDA:0,(anonymous_5)
FNDA:0,(anonymous_6)
FNDA:0,(anonymous_7)
FNDA:0,(anonymous_8)
DA:6,0
DA:7,0
DA:8,0
DA:9,0
DA:10,0
DA:13,0
DA:14,0
DA:16,0
DA:20,0
DA:21,0
DA:22,0
DA:24,0
DA:25,0
DA:26,0
DA:27,0
DA:28,0
DA:29,0
DA:30,0
DA:32,0
DA:33,0
DA:34,0
DA:37,0
DA:173,0
LF:23
LH:0
BRDA:5,0,0,0
BRDA:10,1,0,0
BRDA:10,1,1,0
BRDA:13,2,0,0
BRDA:13,2,1,0
BRDA:26,3,0,0
BRDA:26,3,1,0
BRDA:33,4,0,0
BRDA:33,4,1,0
BRDA:34,5,0,0
BRDA:34,5,1,0
BRDA:86,6,0,0
BRDA:86,6,1,0
BRDA:87,7,0,0
BRDA:87,7,1,0
BRDA:104,8,0,0
BRDA:104,8,1,0
BRDA:105,9,0,0
BRDA:105,9,1,0
BRDA:122,10,0,0
BRDA:122,10,1,0
BRDA:123,11,0,0
BRDA:123,11,1,0
BRDA:138,12,0,0
BRDA:138,12,1,0
BRDA:139,13,0,0
BRDA:139,13,1,0
BRDA:168,14,0,0
BRDA:168,14,1,0
BRDA:174,15,0,0
BRDA:174,15,1,0
BRF:31
BRH:0
end_of_record
TN:
SF:src\components\landing\FeatureSection.jsx
FN:67,useReveal
FN:70,(anonymous_1)
FN:71,(anonymous_2)
FN:76,(anonymous_3)
FN:81,FeatureCard
FN:88,(anonymous_5)
FN:96,(anonymous_6)
FN:129,(anonymous_7)
FN:131,(anonymous_8)
FN:134,(anonymous_9)
FN:220,(anonymous_10)
FN:253,FeatureSection
FN:318,(anonymous_12)
FNF:13
FNH:0
FNDA:0,useReveal
FNDA:0,(anonymous_1)
FNDA:0,(anonymous_2)
FNDA:0,(anonymous_3)
FNDA:0,FeatureCard
FNDA:0,(anonymous_5)
FNDA:0,(anonymous_6)
FNDA:0,(anonymous_7)
FNDA:0,(anonymous_8)
FNDA:0,(anonymous_9)
FNDA:0,(anonymous_10)
FNDA:0,FeatureSection
FNDA:0,(anonymous_12)
DA:4,0
DA:68,0
DA:69,0
DA:70,0
DA:71,0
DA:72,0
DA:75,0
DA:76,0
DA:78,0
DA:82,0
DA:83,0
DA:84,0
DA:85,0
DA:86,0
DA:88,0
DA:89,0
DA:90,0
DA:91,0
DA:92,0
DA:93,0
DA:96,0
DA:97,0
DA:98,0
DA:101,0
DA:103,0
DA:129,0
DA:131,0
DA:135,0
DA:136,0
DA:137,0
DA:221,0
DA:254,0
DA:256,0
DA:319,0
LF:34
LH:0
BRDA:67,0,0,0
BRDA:72,1,0,0
BRDA:72,1,1,0
BRDA:75,2,0,0
BRDA:75,2,1,0
BRDA:89,3,0,0
BRDA:89,3,1,0
BRDA:109,4,0,0
BRDA:109,4,1,0
BRDA:119,5,0,0
BRDA:119,5,1,0
BRDA:123,6,0,0
BRDA:123,6,1,0
BRDA:124,7,0,0
BRDA:124,7,1,0
BRDA:135,8,0,0
BRDA:135,8,1,0
BRDA:135,9,0,0
BRDA:135,9,1,0
BRDA:206,10,0,0
BRDA:206,10,1,0
BRDA:209,11,0,0
BRDA:209,11,1,0
BRDA:293,12,0,0
BRDA:293,12,1,0
BRDA:294,13,0,0
BRDA:294,13,1,0
BRDA:307,14,0,0
BRDA:307,14,1,0
BRDA:308,15,0,0
BRDA:308,15,1,0
BRF:31
BRH:0
end_of_record
TN:
SF:src\components\landing\HeroSection.jsx
FN:7,SplitHeading
FN:11,(anonymous_1)
FN:12,(anonymous_2)
FN:19,(anonymous_3)
FN:26,(anonymous_4)
FN:35,(anonymous_5)
FN:59,useParallax
FN:61,(anonymous_7)
FN:62,(anonymous_8)
FN:68,(anonymous_9)
FN:74,useHeroTilt
FN:76,(anonymous_11)
FN:83,(anonymous_12)
FN:88,(anonymous_13)
FN:95,HeroSection
FNF:15
FNH:0
FNDA:0,SplitHeading
FNDA:0,(anonymous_1)
FNDA:0,(anonymous_2)
FNDA:0,(anonymous_3)
FNDA:0,(anonymous_4)
FNDA:0,(anonymous_5)
FNDA:0,useParallax
FNDA:0,(anonymous_7)
FNDA:0,(anonymous_8)
FNDA:0,(anonymous_9)
FNDA:0,useHeroTilt
FNDA:0,(anonymous_11)
FNDA:0,(anonymous_12)
FNDA:0,(anonymous_13)
FNDA:0,HeroSection
DA:8,0
DA:9,0
DA:11,0
DA:12,0
DA:14,0
DA:18,0
DA:19,0
DA:22,0
DA:24,0
DA:27,0
DA:36,0
DA:37,0
DA:60,0
DA:61,0
DA:62,0
DA:63,0
DA:64,0
DA:65,0
DA:67,0
DA:68,0
DA:70,0
DA:75,0
DA:76,0
DA:77,0
DA:78,0
DA:79,0
DA:80,0
DA:81,0
DA:83,0
DA:84,0
DA:85,0
DA:87,0
DA:88,0
DA:89,0
DA:92,0
DA:96,0
DA:97,0
DA:98,0
DA:99,0
DA:101,0
LF:40
LH:0
BRDA:7,0,0,0
BRDA:14,1,0,0
BRDA:14,1,1,0
BRDA:18,2,0,0
BRDA:18,2,1,0
BRDA:32,3,0,0
BRDA:32,3,1,0
BRDA:42,4,0,0
BRDA:42,4,1,0
BRDA:43,5,0,0
BRDA:43,5,1,0
BRDA:59,6,0,0
BRDA:63,7,0,0
BRDA:63,7,1,0
BRDA:77,8,0,0
BRDA:77,8,1,0
BRDA:84,9,0,0
BRDA:84,9,1,0
BRDA:89,10,0,0
BRDA:89,10,1,0
BRF:20
BRH:0
end_of_record
TN:
SF:src\components\landing\IPhoneMockup.jsx
FN:24,IPhoneMockup
FN:96,(anonymous_1)
FN:204,(anonymous_2)
FN:224,(anonymous_3)
FN:228,(anonymous_4)
FN:250,(anonymous_5)
FN:277,(anonymous_6)
FN:278,(anonymous_7)
FN:279,(anonymous_8)
FN:281,(anonymous_9)
FN:378,(anonymous_10)
FN:381,(anonymous_11)
FNF:12
FNH:0
FNDA:0,IPhoneMockup
FNDA:0,(anonymous_1)
FNDA:0,(anonymous_2)
FNDA:0,(anonymous_3)
FNDA:0,(anonymous_4)
FNDA:0,(anonymous_5)
FNDA:0,(anonymous_6)
FNDA:0,(anonymous_7)
FNDA:0,(anonymous_8)
FNDA:0,(anonymous_9)
FNDA:0,(anonymous_10)
FNDA:0,(anonymous_11)
DA:5,0
DA:25,0
DA:27,0
DA:97,0
DA:205,0
DA:225,0
DA:229,0
DA:251,0
DA:277,0
DA:278,0
DA:279,0
DA:281,0
DA:284,0
DA:286,0
DA:379,0
DA:381,0
LF:16
LH:0
BRDA:104,0,0,0
BRDA:104,0,1,0
BRDA:384,1,0,0
BRDA:384,1,1,0
BRDA:386,2,0,0
BRDA:386,2,1,0
BRF:6
BRH:0
end_of_record
TN:
SF:src\components\landing\LandingFooter.jsx
FN:21,LandingFooter
FN:72,(anonymous_1)
FN:95,(anonymous_2)
FN:111,(anonymous_3)
FN:122,(anonymous_4)
FN:123,(anonymous_5)
FN:153,(anonymous_6)
FNF:7
FNH:0
FNDA:0,LandingFooter
FNDA:0,(anonymous_1)
FNDA:0,(anonymous_2)
FNDA:0,(anonymous_3)
FNDA:0,(anonymous_4)
FNDA:0,(anonymous_5)
FNDA:0,(anonymous_6)
DA:3,0
DA:22,0
DA:24,0
DA:73,0
DA:96,0
DA:112,0
DA:122,0
DA:123,0
DA:154,0
LF:9
LH:0
BRF:0
BRH:0
end_of_record
TN:
SF:src\components\landing\LandingNavbar.jsx
FN:10,LandingNavbar
FN:21,(anonymous_1)
FN:22,(anonymous_2)
FN:28,(anonymous_3)
FN:31,(anonymous_4)
FN:101,(anonymous_5)
FN:104,(anonymous_6)
FN:141,(anonymous_7)
FN:163,(anonymous_8)
FN:169,(anonymous_9)
FN:172,(anonymous_10)
FN:190,(anonymous_11)
FN:209,(anonymous_12)
FN:217,(anonymous_13)
FNF:14
FNH:0
FNDA:0,LandingNavbar
FNDA:0,(anonymous_1)
FNDA:0,(anonymous_2)
FNDA:0,(anonymous_3)
FNDA:0,(anonymous_4)
FNDA:0,(anonymous_5)
FNDA:0,(anonymous_6)
FNDA:0,(anonymous_7)
FNDA:0,(anonymous_8)
FNDA:0,(anonymous_9)
FNDA:0,(anonymous_10)
FNDA:0,(anonymous_11)
FNDA:0,(anonymous_12)
FNDA:0,(anonymous_13)
DA:11,0
DA:12,0
DA:13,0
DA:15,0
DA:21,0
DA:22,0
DA:23,0
DA:24,0
DA:25,0
DA:27,0
DA:28,0
DA:31,0
DA:32,0
DA:33,0
DA:36,0
DA:102,0
DA:104,0
DA:141,0
DA:163,0
DA:170,0
DA:172,0
DA:190,0
DA:209,0
DA:217,0
LF:24
LH:0
BRDA:10,0,0,0
BRDA:48,1,0,0
BRDA:48,1,1,0
BRDA:105,2,0,0
BRDA:105,2,1,0
BRDA:106,3,0,0
BRDA:106,3,1,0
BRDA:142,4,0,0
BRDA:142,4,1,0
BRDA:149,5,0,0
BRDA:149,5,1,0
BRDA:156,6,0,0
BRDA:156,6,1,0
BRDA:178,7,0,0
BRDA:178,7,1,0
BRDA:226,8,0,0
BRDA:226,8,1,0
BRF:17
BRH:0
end_of_record
TN:
SF:src\components\landing\Scene3D.jsx
FN:13,isWebGLSupported
FN:28,AnimatedCard
FN:32,(anonymous_2)
FN:61,AnimatedSphere
FN:65,(anonymous_4)
FN:87,AnimatedTorus
FN:91,(anonymous_6)
FN:106,HeroScene
FN:110,(anonymous_8)
FN:144,ParallaxScene
FN:148,(anonymous_10)
FN:162,Fallback2DAnimation
FN:195,Scene3D
FNF:13
FNH:0
FNDA:0,isWebGLSupported
FNDA:0,AnimatedCard
FNDA:0,(anonymous_2)
FNDA:0,AnimatedSphere
FNDA:0,(anonymous_4)
FNDA:0,AnimatedTorus
FNDA:0,(anonymous_6)
FNDA:0,HeroScene
FNDA:0,(anonymous_8)
FNDA:0,ParallaxScene
FNDA:0,(anonymous_10)
FNDA:0,Fallback2DAnimation
FNDA:0,Scene3D
DA:14,0
DA:15,0
DA:17,0
DA:20,0
DA:22,0
DA:24,0
DA:29,0
DA:30,0
DA:32,0
DA:33,0
DA:35,0
DA:36,0
DA:37,0
DA:40,0
DA:62,0
DA:63,0
DA:65,0
DA:66,0
DA:68,0
DA:69,0
DA:70,0
DA:73,0
DA:88,0
DA:89,0
DA:91,0
DA:92,0
DA:94,0
DA:95,0
DA:96,0
DA:99,0
DA:107,0
DA:108,0
DA:110,0
DA:111,0
DA:113,0
DA:116,0
DA:145,0
DA:146,0
DA:148,0
DA:149,0
DA:151,0
DA:152,0
DA:155,0
DA:163,0
DA:200,0
DA:201,0
DA:203,0
DA:204,0
DA:207,0
LF:49
LH:0
BRDA:17,0,0,0
BRDA:17,0,1,0
BRDA:20,1,0,0
BRDA:20,1,1,0
BRDA:22,2,0,0
BRDA:22,2,1,0
BRDA:28,3,0,0
BRDA:33,4,0,0
BRDA:33,4,1,0
BRDA:33,5,0,0
BRDA:33,5,1,0
BRDA:52,6,0,0
BRDA:52,6,1,0
BRDA:61,7,0,0
BRDA:66,8,0,0
BRDA:66,8,1,0
BRDA:66,9,0,0
BRDA:66,9,1,0
BRDA:79,10,0,0
BRDA:79,10,1,0
BRDA:92,11,0,0
BRDA:92,11,1,0
BRDA:92,12,0,0
BRDA:92,12,1,0
BRDA:111,13,0,0
BRDA:111,13,1,0
BRDA:111,14,0,0
BRDA:111,14,1,0
BRDA:144,15,0,0
BRDA:144,16,0,0
BRDA:149,17,0,0
BRDA:149,17,1,0
BRDA:149,18,0,0
BRDA:149,18,1,0
BRDA:196,19,0,0
BRDA:197,20,0,0
BRDA:198,21,0,0
BRDA:203,22,0,0
BRDA:203,22,1,0
BRDA:203,23,0,0
BRDA:203,23,1,0
BRDA:214,24,0,0
BRDA:214,24,1,0
BRF:43
BRH:0
end_of_record
TN:
SF:src\components\landing\SocialProofSection.jsx
FN:4,useCountUp
FN:9,(anonymous_1)
FN:12,(anonymous_2)
FN:22,(anonymous_3)
FN:30,useReveal
FN:33,(anonymous_5)
FN:34,(anonymous_6)
FN:41,(anonymous_7)
FN:47,StatCard
FN:111,SocialProofSection
FN:165,(anonymous_10)
FNF:11
FNH:0
FNDA:0,useCountUp
FNDA:0,(anonymous_1)
FNDA:0,(anonymous_2)
FNDA:0,(anonymous_3)
FNDA:0,useReveal
FNDA:0,(anonymous_5)
FNDA:0,(anonymous_6)
FNDA:0,(anonymous_7)
FNDA:0,StatCard
FNDA:0,SocialProofSection
FNDA:0,(anonymous_10)
DA:5,0
DA:6,0
DA:7,0
DA:9,0
DA:10,0
DA:11,0
DA:12,0
DA:13,0
DA:14,0
DA:15,0
DA:16,0
DA:19,0
DA:21,0
DA:22,0
DA:23,0
DA:27,0
DA:31,0
DA:32,0
DA:33,0
DA:34,0
DA:36,0
DA:40,0
DA:41,0
DA:43,0
DA:57,0
DA:58,0
DA:60,0
DA:112,0
DA:114,0
DA:136,0
DA:166,0
LF:31
LH:0
BRDA:4,0,0,0
BRDA:4,1,0,0
BRDA:4,2,0,0
BRDA:6,3,0,0
BRDA:6,3,1,0
BRDA:6,4,0,0
BRDA:6,4,1,0
BRDA:10,5,0,0
BRDA:10,5,1,0
BRDA:10,6,0,0
BRDA:10,6,1,0
BRDA:17,7,0,0
BRDA:17,7,1,0
BRDA:19,8,0,0
BRDA:19,8,1,0
BRDA:23,9,0,0
BRDA:23,9,1,0
BRDA:30,10,0,0
BRDA:36,11,0,0
BRDA:36,11,1,0
BRDA:40,12,0,0
BRDA:40,12,1,0
BRDA:49,13,0,0
BRDA:50,14,0,0
BRDA:53,15,0,0
BRDA:55,16,0,0
BRDA:65,17,0,0
BRDA:65,17,1,0
BRDA:66,18,0,0
BRDA:66,18,1,0
BRDA:94,19,0,0
BRDA:94,19,1,0
BRDA:171,20,0,0
BRDA:171,20,1,0
BRF:34
BRH:0
end_of_record
TN:
SF:src\components\layouts\AuthLayout.jsx
FN:3,AuthLayout
FNF:1
FNH:0
FNDA:0,AuthLayout
DA:11,0
DA:13,0
LF:2
LH:0
BRDA:9,0,0,0
BRDA:17,1,0,0
BRDA:17,1,1,0
BRDA:28,2,0,0
BRDA:28,2,1,0
BRF:5
BRH:0
end_of_record
TN:
SF:src\components\onboarding\OnboardingModal.jsx
FN:8,OnboardingModal
FN:37,(anonymous_1)
FN:50,(anonymous_2)
FN:59,(anonymous_3)
FN:67,(anonymous_4)
FN:89,(anonymous_5)
FN:93,(anonymous_6)
FN:149,(anonymous_7)
FN:152,(anonymous_8)
FN:178,(anonymous_9)
FN:201,(anonymous_10)
FN:218,(anonymous_11)
FN:303,(anonymous_12)
FN:311,(anonymous_13)
FN:345,(anonymous_14)
FN:353,(anonymous_15)
FN:353,(anonymous_16)
FN:368,(anonymous_17)
FN:407,(anonymous_18)
FN:419,(anonymous_19)
FNF:20
FNH:0
FNDA:0,OnboardingModal
FNDA:0,(anonymous_1)
FNDA:0,(anonymous_2)
FNDA:0,(anonymous_3)
FNDA:0,(anonymous_4)
FNDA:0,(anonymous_5)
FNDA:0,(anonymous_6)
FNDA:0,(anonymous_7)
FNDA:0,(anonymous_8)
FNDA:0,(anonymous_9)
FNDA:0,(anonymous_10)
FNDA:0,(anonymous_11)
FNDA:0,(anonymous_12)
FNDA:0,(anonymous_13)
FNDA:0,(anonymous_14)
FNDA:0,(anonymous_15)
FNDA:0,(anonymous_16)
FNDA:0,(anonymous_17)
FNDA:0,(anonymous_18)
FNDA:0,(anonymous_19)
DA:9,0
DA:10,0
DA:11,0
DA:13,0
DA:29,0
DA:37,0
DA:38,0
DA:50,0
DA:51,0
DA:52,0
DA:59,0
DA:60,0
DA:67,0
DA:68,0
DA:69,0
DA:70,0
DA:75,0
DA:76,0
DA:77,0
DA:79,0
DA:80,0
DA:85,0
DA:89,0
DA:90,0
DA:93,0
DA:94,0
DA:95,0
DA:98,0
DA:100,0
DA:150,0
DA:152,0
DA:178,0
DA:201,0
DA:218,0
DA:304,0
DA:312,0
DA:346,0
DA:353,0
DA:354,0
DA:369,0
DA:407,0
DA:419,0
LF:42
LH:0
BRDA:51,0,0,0
BRDA:51,0,1,0
BRDA:55,1,0,0
BRDA:55,1,1,0
BRDA:63,2,0,0
BRDA:63,2,1,0
BRDA:76,3,0,0
BRDA:76,3,1,0
BRDA:81,4,0,0
BRDA:81,4,1,0
BRDA:98,5,0,0
BRDA:98,5,1,0
BRDA:137,6,0,0
BRDA:137,6,1,0
BRDA:154,7,0,0
BRDA:154,7,1,0
BRDA:159,8,0,0
BRDA:159,8,1,0
BRDA:188,9,0,0
BRDA:188,9,1,0
BRDA:203,10,0,0
BRDA:203,10,1,0
BRDA:220,11,0,0
BRDA:220,11,1,0
BRDA:234,12,0,0
BRDA:234,12,1,0
BRDA:292,13,0,0
BRDA:292,13,1,0
BRDA:314,14,0,0
BRDA:314,14,1,0
BRDA:328,15,0,0
BRDA:328,15,1,0
BRDA:371,16,0,0
BRDA:371,16,1,0
BRDA:405,17,0,0
BRDA:405,17,1,0
BRDA:417,18,0,0
BRDA:417,18,1,0
BRDA:432,19,0,0
BRDA:432,19,1,0
BRF:40
BRH:0
end_of_record
TN:
SF:src\components\ui\Button.jsx
FN:4,Button
FNF:1
FNH:0
FNDA:0,Button
DA:14,0
DA:16,0
DA:20,0
DA:27,0
DA:49,0
DA:51,0
LF:6
LH:0
BRDA:8,0,0,0
BRDA:9,1,0,0
BRDA:10,2,0,0
BRDA:16,3,0,0
BRDA:16,3,1,0
BRDA:54,4,0,0
BRDA:54,4,1,0
BRDA:55,5,0,0
BRDA:55,5,1,0
BRDA:58,6,0,0
BRDA:58,6,1,0
BRDA:58,6,2,0
BRDA:65,7,0,0
BRDA:65,7,1,0
BRDA:70,8,0,0
BRDA:70,8,1,0
BRF:16
BRH:0
end_of_record
TN:
SF:src\components\ui\DeleteConfirmSheet.jsx
FN:4,formatIDR
FN:8,DeleteConfirmSheet
FN:14,(anonymous_2)
FN:15,(anonymous_3)
FN:19,(anonymous_4)
FN:27,(anonymous_5)
FNF:6
FNH:0
FNDA:0,formatIDR
FNDA:0,DeleteConfirmSheet
FNDA:0,(anonymous_2)
FNDA:0,(anonymous_3)
FNDA:0,(anonymous_4)
FNDA:0,(anonymous_5)
DA:5,0
DA:14,0
DA:15,0
DA:16,0
DA:18,0
DA:19,0
DA:22,0
DA:24,0
DA:28,0
LF:9
LH:0
BRDA:12,0,0,0
BRDA:16,1,0,0
BRDA:16,1,1,0
BRDA:22,2,0,0
BRDA:22,2,1,0
BRDA:28,3,0,0
BRDA:28,3,1,0
BRDA:59,4,0,0
BRDA:59,4,1,0
BRDA:84,5,0,0
BRDA:84,5,1,0
BRDA:89,6,0,0
BRDA:89,6,1,0
BRF:13
BRH:0
end_of_record
TN:
SF:src\components\ui\Input.jsx
FN:1,Input
FNF:1
FNH:0
FNDA:0,Input
DA:11,0
LF:1
LH:0
BRDA:4,0,0,0
BRDA:7,1,0,0
BRDA:8,2,0,0
BRDA:13,3,0,0
BRDA:13,3,1,0
BRDA:22,4,0,0
BRDA:22,4,1,0
BRDA:32,5,0,0
BRDA:32,5,1,0
BRDA:34,6,0,0
BRDA:34,6,1,0
BRDA:43,7,0,0
BRDA:43,7,1,0
BRF:13
BRH:0
end_of_record
TN:
SF:src\components\ui\Skeleton.jsx
FN:11,Skeleton
FN:37,(anonymous_1)
FN:47,(anonymous_2)
FNF:3
FNH:0
FNDA:0,Skeleton
FNDA:0,(anonymous_1)
FNDA:0,(anonymous_2)
DA:12,0
DA:13,0
DA:14,0
DA:16,0
DA:17,0
DA:30,0
DA:31,0
DA:38,0
DA:48,0
DA:56,0
LF:10
LH:0
BRDA:11,0,0,0
BRDA:11,1,0,0
BRDA:13,2,0,0
BRDA:13,2,1,0
BRDA:16,3,0,0
BRDA:16,3,1,0
BRDA:30,4,0,0
BRDA:30,4,1,0
BRF:8
BRH:0
end_of_record
TN:
SF:src\components\ui\SwipeHintOverlay.jsx
FN:6,SwipeHintOverlay
FN:14,(anonymous_1)
FN:18,(anonymous_2)
FN:22,(anonymous_3)
FN:26,(anonymous_4)
FN:29,(anonymous_5)
FN:33,(anonymous_6)
FN:36,(anonymous_7)
FN:39,(anonymous_8)
FN:49,(anonymous_9)
FN:216,(anonymous_10)
FN:219,(anonymous_11)
FNF:12
FNH:0
FNDA:0,SwipeHintOverlay
FNDA:0,(anonymous_1)
FNDA:0,(anonymous_2)
FNDA:0,(anonymous_3)
FNDA:0,(anonymous_4)
FNDA:0,(anonymous_5)
FNDA:0,(anonymous_6)
FNDA:0,(anonymous_7)
FNDA:0,(anonymous_8)
FNDA:0,(anonymous_9)
FNDA:0,(anonymous_10)
FNDA:0,(anonymous_11)
DA:4,0
DA:7,0
DA:8,0
DA:9,0
DA:10,0
DA:11,0
DA:12,0
DA:14,0
DA:15,0
DA:18,0
DA:19,0
DA:20,0
DA:22,0
DA:23,0
DA:24,0
DA:26,0
DA:27,0
DA:28,0
DA:29,0
DA:30,0
DA:31,0
DA:33,0
DA:34,0
DA:35,0
DA:36,0
DA:37,0
DA:38,0
DA:39,0
DA:40,0
DA:41,0
DA:49,0
DA:52,0
DA:53,0
DA:54,0
DA:55,0
DA:58,0
DA:62,0
DA:217,0
DA:218,0
DA:219,0
DA:220,0
DA:221,0
LF:42
LH:0
BRDA:6,0,0,0
BRDA:58,1,0,0
BRDA:58,1,1,0
BRDA:58,2,0,0
BRDA:58,2,1,0
BRDA:66,3,0,0
BRDA:66,3,1,0
BRDA:73,4,0,0
BRDA:73,4,1,0
BRDA:85,5,0,0
BRDA:85,5,1,0
BRDA:87,6,0,0
BRDA:87,6,1,0
BRDA:101,7,0,0
BRDA:101,7,1,0
BRDA:103,8,0,0
BRDA:103,8,1,0
BRDA:118,9,0,0
BRDA:118,9,1,0
BRDA:121,10,0,0
BRDA:121,10,1,0
BRDA:133,11,0,0
BRDA:133,11,1,0
BRDA:135,12,0,0
BRDA:135,12,1,0
BRDA:150,13,0,0
BRDA:150,13,1,0
BRDA:153,14,0,0
BRDA:153,14,1,0
BRF:29
BRH:0
end_of_record
TN:
SF:src\components\ui\SwipeableRow.jsx
FN:8,SwipeableRow
FN:29,(anonymous_1)
FN:35,(anonymous_2)
FN:38,(anonymous_3)
FN:44,(anonymous_4)
FN:49,(anonymous_5)
FN:63,(anonymous_6)
FN:84,(anonymous_7)
FN:92,(anonymous_8)
FN:94,(anonymous_9)
FN:100,(anonymous_10)
FN:106,(anonymous_11)
FN:111,(anonymous_12)
FN:115,(anonymous_13)
FN:119,(anonymous_14)
FN:132,(anonymous_15)
FN:140,(anonymous_16)
FNF:17
FNH:11
FNDA:21,SwipeableRow
FNDA:5,(anonymous_1)
FNDA:5,(anonymous_2)
FNDA:3,(anonymous_3)
FNDA:11,(anonymous_4)
FNDA:5,(anonymous_5)
FNDA:5,(anonymous_6)
FNDA:5,(anonymous_7)
FNDA:1,(anonymous_8)
FNDA:1,(anonymous_9)
FNDA:0,(anonymous_10)
FNDA:0,(anonymous_11)
FNDA:0,(anonymous_12)
FNDA:0,(anonymous_13)
FNDA:0,(anonymous_14)
FNDA:0,(anonymous_15)
FNDA:12,(anonymous_16)
DA:4,1
DA:5,1
DA:6,1
DA:17,21
DA:18,21
DA:19,21
DA:20,21
DA:21,21
DA:22,21
DA:23,21
DA:24,21
DA:26,21
DA:27,21
DA:29,21
DA:30,5
DA:31,2
DA:32,0
DA:35,21
DA:36,5
DA:37,5
DA:38,5
DA:39,3
DA:40,3
DA:44,21
DA:45,11
DA:46,11
DA:49,21
DA:51,5
DA:52,5
DA:53,5
DA:54,5
DA:55,5
DA:56,5
DA:57,5
DA:58,5
DA:63,21
DA:64,5
DA:66,5
DA:67,5
DA:68,5
DA:69,5
DA:71,5
DA:72,0
DA:74,5
DA:75,5
DA:77,5
DA:78,5
DA:79,5
DA:81,5
DA:84,21
DA:85,5
DA:86,5
DA:87,5
DA:89,5
DA:91,5
DA:92,1
DA:93,4
DA:94,1
DA:96,3
DA:100,21
DA:102,0
DA:104,0
DA:106,0
DA:107,0
DA:108,0
DA:109,0
DA:111,0
DA:112,0
DA:113,0
DA:115,0
DA:116,0
DA:117,0
DA:119,0
DA:120,0
DA:122,0
DA:124,0
DA:126,0
DA:129,0
DA:132,21
DA:133,0
DA:135,0
DA:136,0
DA:140,21
DA:142,6
DA:143,6
DA:148,21
DA:149,21
DA:150,21
DA:152,21
DA:153,21
DA:155,21
DA:156,21
DA:158,21
DA:162,21
LF:94
LH:71
BRDA:12,0,0,21
BRDA:13,1,0,21
BRDA:14,2,0,21
BRDA:15,3,0,21
BRDA:30,4,0,3
BRDA:30,4,1,2
BRDA:31,5,0,2
BRDA:31,5,1,0
BRDA:35,6,0,5
BRDA:35,7,0,5
BRDA:40,8,0,2
BRDA:40,8,1,1
BRDA:51,9,0,0
BRDA:51,9,1,5
BRDA:54,10,0,0
BRDA:54,10,1,5
BRDA:55,11,0,0
BRDA:55,11,1,5
BRDA:64,12,0,0
BRDA:64,12,1,5
BRDA:66,13,0,0
BRDA:66,13,1,5
BRDA:67,14,0,0
BRDA:67,14,1,5
BRDA:71,15,0,0
BRDA:71,15,1,5
BRDA:71,16,0,5
BRDA:71,16,1,5
BRDA:74,17,0,0
BRDA:74,17,1,5
BRDA:75,18,0,0
BRDA:75,18,1,5
BRDA:75,19,0,5
BRDA:75,19,1,5
BRDA:81,20,0,0
BRDA:81,20,1,5
BRDA:85,21,0,0
BRDA:85,21,1,5
BRDA:87,22,0,0
BRDA:87,22,1,5
BRDA:91,23,0,1
BRDA:91,23,1,4
BRDA:91,24,0,5
BRDA:91,24,1,2
BRDA:93,25,0,1
BRDA:93,25,1,3
BRDA:93,26,0,4
BRDA:93,26,1,2
BRDA:102,27,0,0
BRDA:102,27,1,0
BRDA:102,28,0,0
BRDA:102,28,1,0
BRDA:102,28,2,0
BRDA:107,29,0,0
BRDA:107,29,1,0
BRDA:112,30,0,0
BRDA:112,30,1,0
BRDA:116,31,0,0
BRDA:116,31,1,0
BRDA:120,32,0,0
BRDA:120,32,1,0
BRDA:135,33,0,0
BRDA:135,33,1,0
BRDA:135,34,0,0
BRDA:135,34,1,0
BRDA:142,35,0,0
BRDA:142,35,1,6
BRDA:152,36,0,6
BRDA:152,36,1,15
BRDA:153,37,0,6
BRDA:153,37,1,15
BRDA:155,38,0,4
BRDA:155,38,1,17
BRDA:156,39,0,4
BRDA:156,39,1,17
BRDA:158,40,0,5
BRDA:158,40,1,16
BRDA:176,41,0,4
BRDA:176,41,1,17
BRDA:176,42,0,21
BRDA:176,42,1,8
BRDA:179,43,0,5
BRDA:179,43,1,16
BRDA:195,44,0,8
BRDA:195,44,1,13
BRDA:198,45,0,8
BRDA:198,45,1,13
BRDA:211,46,0,4
BRDA:211,46,1,17
BRDA:211,47,0,21
BRDA:211,47,1,8
BRDA:214,48,0,5
BRDA:214,48,1,16
BRDA:230,49,0,8
BRDA:230,49,1,13
BRDA:233,50,0,8
BRDA:233,50,1,13
BRDA:245,51,0,0
BRDA:245,51,1,21
BRF:99
BRH:67
end_of_record
TN:
SF:src\components\ui\Toast.jsx
FN:43,Toast
FN:49,(anonymous_1)
FN:101,(anonymous_2)
FN:116,(anonymous_3)
FN:117,(anonymous_4)
FN:130,ToastContainer
FN:164,(anonymous_6)
FNF:7
FNH:5
FNDA:16,Toast
FNDA:16,(anonymous_1)
FNDA:2,(anonymous_2)
FNDA:0,(anonymous_3)
FNDA:0,(anonymous_4)
FNDA:33,ToastContainer
FNDA:16,(anonymous_6)
DA:8,1
DA:44,16
DA:45,16
DA:46,16
DA:49,16
DA:50,16
DA:52,0
DA:57,16
DA:62,16
DA:101,2
DA:116,0
DA:117,0
DA:131,33
DA:133,16
DA:165,16
LF:15
LH:12
BRDA:43,0,0,16
BRDA:45,1,0,16
BRDA:45,1,1,0
BRDA:50,2,0,0
BRDA:50,2,1,16
BRDA:52,3,0,0
BRDA:52,3,1,0
BRDA:57,4,0,2
BRDA:57,4,1,14
BRDA:131,5,0,17
BRDA:131,5,1,16
BRDA:131,6,0,33
BRDA:131,6,1,33
BRF:13
BRH:9
end_of_record
TN:
SF:src\context\AuthContext.jsx
FN:6,(anonymous_0)
FN:7,(anonymous_1)
FN:10,(anonymous_2)
FN:16,(anonymous_3)
FN:22,(anonymous_4)
FN:28,(anonymous_5)
FN:33,(anonymous_6)
FN:57,(anonymous_7)
FNF:8
FNH:0
FNDA:0,(anonymous_0)
FNDA:0,(anonymous_1)
FNDA:0,(anonymous_2)
FNDA:0,(anonymous_3)
FNDA:0,(anonymous_4)
FNDA:0,(anonymous_5)
FNDA:0,(anonymous_6)
FNDA:0,(anonymous_7)
DA:4,0
DA:6,0
DA:7,0
DA:8,0
DA:10,0
DA:11,0
DA:12,0
DA:13,0
DA:16,0
DA:17,0
DA:18,0
DA:19,0
DA:22,0
DA:23,0
DA:24,0
DA:25,0
DA:28,0
DA:29,0
DA:30,0
DA:33,0
DA:34,0
DA:35,0
DA:38,0
DA:49,0
DA:57,0
DA:58,0
DA:59,0
DA:60,0
DA:62,0
LF:29
LH:0
BRDA:51,0,0,0
BRDA:51,0,1,0
BRDA:59,1,0,0
BRDA:59,1,1,0
BRF:4
BRH:0
end_of_record
TN:
SF:src\context\ToastContext.js
FN:9,useToast
FNF:1
FNH:1
FNDA:33,useToast
DA:3,1
DA:10,33
DA:11,33
DA:12,33
LF:4
LH:4
BRDA:11,0,0,0
BRDA:11,0,1,33
BRF:2
BRH:1
end_of_record
TN:
SF:src\context\ToastContext.jsx
FN:11,ToastProvider
FN:16,(anonymous_1)
FN:17,(anonymous_2)
FN:18,(anonymous_3)
FN:19,(anonymous_4)
FN:19,(anonymous_5)
FN:20,(anonymous_6)
FN:28,(anonymous_7)
FN:40,(anonymous_8)
FN:44,(anonymous_9)
FN:52,(anonymous_10)
FNF:11
FNH:11
FNDA:33,ToastProvider
FNDA:3,(anonymous_1)
FNDA:3,(anonymous_2)
FNDA:3,(anonymous_3)
FNDA:3,(anonymous_4)
FNDA:3,(anonymous_5)
FNDA:3,(anonymous_6)
FNDA:14,(anonymous_7)
FNDA:14,(anonymous_8)
FNDA:1,(anonymous_9)
FNDA:2,(anonymous_10)
DA:5,1
DA:12,33
DA:13,33
DA:14,33
DA:16,33
DA:17,3
DA:18,3
DA:19,3
DA:20,3
DA:21,3
DA:22,3
DA:23,3
DA:28,33
DA:31,14
DA:35,14
DA:39,14
DA:40,14
DA:41,14
DA:42,14
DA:44,14
DA:45,1
DA:46,1
DA:52,33
DA:54,2
DA:55,2
DA:56,2
DA:58,2
DA:63,33
LF:28
LH:28
BRDA:29,0,0,14
BRDA:31,1,0,14
BRDA:31,1,1,0
BRDA:31,2,0,14
BRDA:31,2,1,14
BRDA:35,3,0,14
BRDA:35,3,1,0
BRDA:35,4,0,14
BRDA:35,4,1,14
BRDA:36,5,0,14
BRDA:36,5,1,0
BRDA:41,6,0,0
BRDA:41,6,1,14
BRDA:54,7,0,2
BRDA:54,7,1,0
BRF:15
BRH:10
end_of_record
TN:
SF:src\hooks\useCountUp.js
FN:15,useCountUp
FN:21,(anonymous_1)
FN:25,(anonymous_2)
FN:26,(anonymous_3)
FN:32,(anonymous_4)
FN:51,(anonymous_5)
FNF:6
FNH:5
FNDA:14,useCountUp
FNDA:9,(anonymous_1)
FNDA:0,(anonymous_2)
FNDA:1,(anonymous_3)
FNDA:13,(anonymous_4)
FNDA:8,(anonymous_5)
DA:16,14
DA:17,14
DA:18,14
DA:19,14
DA:21,14
DA:24,9
DA:25,1
DA:26,1
DA:30,8
DA:32,8
DA:33,13
DA:34,7
DA:37,13
DA:38,13
DA:41,13
DA:42,13
DA:44,13
DA:45,8
DA:49,8
DA:51,8
DA:52,8
DA:53,8
DA:58,14
LF:23
LH:23
BRDA:15,0,0,14
BRDA:17,1,0,1
BRDA:17,1,1,13
BRDA:24,2,0,1
BRDA:24,2,1,8
BRDA:33,3,0,7
BRDA:33,3,1,6
BRDA:44,4,0,8
BRDA:44,4,1,5
BRDA:52,5,0,8
BRDA:52,5,1,0
BRF:11
BRH:10
end_of_record
TN:
SF:src\hooks\useReducedMotion.js
FN:9,useReducedMotion
FN:10,(anonymous_1)
FN:17,(anonymous_2)
FN:22,(anonymous_3)
FN:33,(anonymous_4)
FNF:5
FNH:4
FNDA:29,useReducedMotion
FNDA:18,(anonymous_1)
FNDA:18,(anonymous_2)
FNDA:0,(anonymous_3)
FNDA:18,(anonymous_4)
DA:10,29
DA:11,18
DA:12,18
DA:15,29
DA:17,29
DA:18,18
DA:20,18
DA:22,18
DA:23,0
DA:27,18
DA:28,18
DA:30,0
DA:33,18
DA:34,18
DA:35,18
DA:37,0
DA:42,29
LF:17
LH:14
BRDA:11,0,0,0
BRDA:11,0,1,18
BRDA:18,1,0,0
BRDA:18,1,1,18
BRDA:27,2,0,18
BRDA:27,2,1,0
BRDA:34,3,0,18
BRDA:34,3,1,0
BRF:8
BRH:4
end_of_record
TN:
SF:src\hooks\useScrollAnimation.js
FN:14,useScrollAnimation
FN:24,(anonymous_1)
FN:26,(anonymous_2)
FN:46,(anonymous_3)
FN:57,(anonymous_4)
FN:77,useActiveSection
FN:81,(anonymous_6)
FN:82,(anonymous_7)
FN:83,(anonymous_8)
FN:95,(anonymous_9)
FN:102,(anonymous_10)
FN:117,useNavbarScrollEffect
FN:121,(anonymous_12)
FN:122,(anonymous_13)
FN:131,(anonymous_14)
FN:145,smoothScrollTo
FN:159,scrollToTop
FNF:17
FNH:0
FNDA:0,useScrollAnimation
FNDA:0,(anonymous_1)
FNDA:0,(anonymous_2)
FNDA:0,(anonymous_3)
FNDA:0,(anonymous_4)
FNDA:0,useActiveSection
FNDA:0,(anonymous_6)
FNDA:0,(anonymous_7)
FNDA:0,(anonymous_8)
FNDA:0,(anonymous_9)
FNDA:0,(anonymous_10)
FNDA:0,useNavbarScrollEffect
FNDA:0,(anonymous_12)
FNDA:0,(anonymous_13)
FNDA:0,(anonymous_14)
FNDA:0,smoothScrollTo
FNDA:0,scrollToTop
DA:19,0
DA:20,0
DA:21,0
DA:22,0
DA:24,0
DA:26,0
DA:27,0
DA:28,0
DA:30,0
DA:31,0
DA:33,0
DA:34,0
DA:35,0
DA:38,0
DA:39,0
DA:46,0
DA:47,0
DA:48,0
DA:50,0
DA:55,0
DA:57,0
DA:58,0
DA:63,0
DA:64,0
DA:67,0
DA:78,0
DA:79,0
DA:81,0
DA:82,0
DA:83,0
DA:84,0
DA:85,0
DA:90,0
DA:95,0
DA:96,0
DA:97,0
DA:98,0
DA:102,0
DA:103,0
DA:107,0
DA:118,0
DA:119,0
DA:121,0
DA:122,0
DA:123,0
DA:124,0
DA:125,0
DA:128,0
DA:129,0
DA:131,0
DA:132,0
DA:136,0
DA:146,0
DA:147,0
DA:148,0
DA:160,0
LF:56
LH:0
BRDA:14,0,0,0
BRDA:15,1,0,0
BRDA:16,2,0,0
BRDA:17,3,0,0
BRDA:27,4,0,0
BRDA:27,4,1,0
BRDA:27,5,0,0
BRDA:27,5,1,0
BRDA:28,6,0,0
BRDA:28,6,1,0
BRDA:34,7,0,0
BRDA:34,7,1,0
BRDA:38,8,0,0
BRDA:38,8,1,0
BRDA:48,9,0,0
BRDA:48,9,1,0
BRDA:63,10,0,0
BRDA:63,10,1,0
BRDA:77,11,0,0
BRDA:84,12,0,0
BRDA:84,12,1,0
BRDA:84,13,0,0
BRDA:84,13,1,0
BRDA:97,14,0,0
BRDA:97,14,1,0
BRDA:107,15,0,0
BRDA:107,15,1,0
BRDA:117,16,0,0
BRDA:123,17,0,0
BRDA:123,17,1,0
BRDA:147,18,0,0
BRDA:147,18,1,0
BRF:32
BRH:0
end_of_record
TN:
SF:src\hooks\useSwipeHint.js
FN:5,useSwipeHint
FN:8,(anonymous_1)
FN:9,(anonymous_2)
FN:14,(anonymous_3)
FN:17,(anonymous_4)
FNF:5
FNH:5
FNDA:9,useSwipeHint
FNDA:5,(anonymous_1)
FNDA:4,(anonymous_2)
FNDA:5,(anonymous_3)
FNDA:1,(anonymous_4)
DA:3,1
DA:6,9
DA:8,9
DA:9,5
DA:10,4
DA:11,3
DA:14,5
DA:17,9
DA:18,9
LF:9
LH:9
BRDA:5,0,0,9
BRDA:10,1,0,3
BRDA:10,1,1,1
BRF:3
BRH:3
end_of_record
TN:
SF:src\pages\About.jsx
FN:14,useReveal
FN:17,(anonymous_1)
FN:18,(anonymous_2)
FN:25,(anonymous_3)
FN:31,useCursorFollower
FN:37,(anonymous_5)
FN:41,(anonymous_6)
FN:47,(anonymous_7)
FN:48,(anonymous_8)
FN:56,(anonymous_9)
FN:65,AvatarInitial
FN:69,(anonymous_11)
FN:159,TeamCard
FN:177,(anonymous_13)
FN:178,(anonymous_14)
FN:285,InfoRow
FN:314,SocialLink
FN:329,(anonymous_17)
FN:330,(anonymous_18)
FN:365,About
FN:577,(anonymous_20)
FN:689,(anonymous_21)
FN:703,(anonymous_22)
FNF:23
FNH:0
FNDA:0,useReveal
FNDA:0,(anonymous_1)
FNDA:0,(anonymous_2)
FNDA:0,(anonymous_3)
FNDA:0,useCursorFollower
FNDA:0,(anonymous_5)
FNDA:0,(anonymous_6)
FNDA:0,(anonymous_7)
FNDA:0,(anonymous_8)
FNDA:0,(anonymous_9)
FNDA:0,AvatarInitial
FNDA:0,(anonymous_11)
FNDA:0,TeamCard
FNDA:0,(anonymous_13)
FNDA:0,(anonymous_14)
FNDA:0,InfoRow
FNDA:0,SocialLink
FNDA:0,(anonymous_17)
FNDA:0,(anonymous_18)
FNDA:0,About
FNDA:0,(anonymous_20)
FNDA:0,(anonymous_21)
FNDA:0,(anonymous_22)
DA:15,0
DA:16,0
DA:17,0
DA:18,0
DA:20,0
DA:24,0
DA:25,0
DA:27,0
DA:32,0
DA:33,0
DA:34,0
DA:35,0
DA:36,0
DA:37,0
DA:39,0
DA:41,0
DA:42,0
DA:43,0
DA:44,0
DA:46,0
DA:47,0
DA:48,0
DA:49,0
DA:50,0
DA:51,0
DA:52,0
DA:53,0
DA:55,0
DA:56,0
DA:57,0
DA:58,0
DA:61,0
DA:66,0
DA:69,0
DA:72,0
DA:105,0
DA:160,0
DA:161,0
DA:163,0
DA:177,0
DA:178,0
DA:286,0
DA:322,0
DA:323,0
DA:329,0
DA:330,0
DA:366,0
DA:367,0
DA:368,0
DA:370,0
DA:578,0
DA:690,0
DA:704,0
LF:53
LH:0
BRDA:14,0,0,0
BRDA:20,1,0,0
BRDA:20,1,1,0
BRDA:24,2,0,0
BRDA:24,2,1,0
BRDA:39,3,0,0
BRDA:39,3,1,0
BRDA:43,4,0,0
BRDA:43,4,1,0
BRDA:51,5,0,0
BRDA:51,5,1,0
BRDA:58,6,0,0
BRDA:58,6,1,0
BRDA:65,7,0,0
BRDA:167,8,0,0
BRDA:167,8,1,0
BRDA:168,9,0,0
BRDA:168,9,1,0
BRDA:186,10,0,0
BRDA:186,10,1,0
BRDA:187,11,0,0
BRDA:187,11,1,0
BRDA:195,12,0,0
BRDA:195,12,1,0
BRDA:319,13,0,0
BRDA:320,14,0,0
BRDA:337,15,0,0
BRDA:337,15,1,0
BRDA:338,16,0,0
BRDA:338,16,1,0
BRDA:339,17,0,0
BRDA:339,17,1,0
BRDA:348,18,0,0
BRDA:348,18,1,0
BRDA:352,19,0,0
BRDA:352,19,1,0
BRDA:356,20,0,0
BRDA:356,20,1,0
BRDA:503,21,0,0
BRDA:503,21,1,0
BRDA:504,22,0,0
BRDA:504,22,1,0
BRDA:521,23,0,0
BRDA:521,23,1,0
BRDA:522,24,0,0
BRDA:522,24,1,0
BRDA:537,25,0,0
BRDA:537,25,1,0
BRDA:538,26,0,0
BRDA:538,26,1,0
BRDA:556,27,0,0
BRDA:556,27,1,0
BRDA:557,28,0,0
BRDA:557,28,1,0
BRDA:652,29,0,0
BRDA:652,29,1,0
BRDA:668,30,0,0
BRDA:668,30,1,0
BRDA:669,31,0,0
BRDA:669,31,1,0
BRF:60
BRH:0
end_of_record
TN:
SF:src\pages\Analytics.jsx
FN:64,BarTooltip
FN:83,DonutTooltip
FN:103,StatCard
FN:133,AnalyticsSummary
FN:224,Analytics
FN:229,(anonymous_5)
FN:243,(anonymous_6)
FN:244,(anonymous_7)
FN:261,(anonymous_8)
FN:274,(anonymous_9)
FN:312,(anonymous_10)
FN:318,(anonymous_11)
FN:320,(anonymous_12)
FN:321,(anonymous_13)
FN:324,(anonymous_14)
FN:328,(anonymous_15)
FN:345,(anonymous_16)
FN:438,(anonymous_17)
FN:452,(anonymous_18)
FN:576,(anonymous_19)
FN:643,(anonymous_20)
FN:665,(anonymous_21)
FN:740,(anonymous_22)
FNF:23
FNH:0
FNDA:0,BarTooltip
FNDA:0,DonutTooltip
FNDA:0,StatCard
FNDA:0,AnalyticsSummary
FNDA:0,Analytics
FNDA:0,(anonymous_5)
FNDA:0,(anonymous_6)
FNDA:0,(anonymous_7)
FNDA:0,(anonymous_8)
FNDA:0,(anonymous_9)
FNDA:0,(anonymous_10)
FNDA:0,(anonymous_11)
FNDA:0,(anonymous_12)
FNDA:0,(anonymous_13)
FNDA:0,(anonymous_14)
FNDA:0,(anonymous_15)
FNDA:0,(anonymous_16)
FNDA:0,(anonymous_17)
FNDA:0,(anonymous_18)
FNDA:0,(anonymous_19)
FNDA:0,(anonymous_20)
FNDA:0,(anonymous_21)
FNDA:0,(anonymous_22)
DA:35,0
DA:36,0
DA:37,0
DA:40,0
DA:52,0
DA:65,0
DA:66,0
DA:67,0
DA:68,0
DA:84,0
DA:85,0
DA:86,0
DA:87,0
DA:104,0
DA:143,0
DA:144,0
DA:164,0
DA:166,0
DA:169,0
DA:173,0
DA:174,0
DA:179,0
DA:180,0
DA:188,0
DA:189,0
DA:192,0
DA:225,0
DA:226,0
DA:227,0
DA:229,0
DA:230,0
DA:231,0
DA:232,0
DA:233,0
DA:234,0
DA:236,0
DA:237,0
DA:239,0
DA:243,0
DA:244,0
DA:245,0
DA:246,0
DA:247,0
DA:248,0
DA:249,0
DA:251,0
DA:252,0
DA:254,0
DA:258,0
DA:261,0
DA:262,0
DA:263,0
DA:264,0
DA:268,0
DA:269,0
DA:270,0
DA:271,0
DA:274,0
DA:275,0
DA:278,0
DA:279,0
DA:281,0
DA:283,0
DA:286,0
DA:293,0
DA:294,0
DA:301,0
DA:302,0
DA:312,0
DA:317,0
DA:318,0
DA:320,0
DA:321,0
DA:322,0
DA:324,0
DA:325,0
DA:326,0
DA:328,0
DA:334,0
DA:345,0
DA:346,0
DA:347,0
DA:350,0
DA:360,0
DA:362,0
DA:366,0
DA:367,0
DA:368,0
DA:369,0
DA:370,0
DA:371,0
DA:373,0
DA:374,0
DA:375,0
DA:378,0
DA:384,0
DA:388,0
DA:439,0
DA:453,0
DA:577,0
DA:644,0
DA:667,0
DA:673,0
DA:742,0
DA:744,0
DA:746,0
DA:748,0
DA:754,0
LF:108
LH:0
BRDA:65,0,0,0
BRDA:65,0,1,0
BRDA:65,1,0,0
BRDA:65,1,1,0
BRDA:65,1,2,0
BRDA:67,2,0,0
BRDA:67,2,1,0
BRDA:84,3,0,0
BRDA:84,3,1,0
BRDA:84,4,0,0
BRDA:84,4,1,0
BRDA:84,4,2,0
BRDA:86,5,0,0
BRDA:86,5,1,0
BRDA:122,6,0,0
BRDA:122,6,1,0
BRDA:143,7,0,0
BRDA:143,7,1,0
BRDA:164,8,0,0
BRDA:164,8,1,0
BRDA:166,9,0,0
BRDA:166,9,1,0
BRDA:169,10,0,0
BRDA:169,10,1,0
BRDA:179,11,0,0
BRDA:179,11,1,0
BRDA:182,12,0,0
BRDA:182,12,1,0
BRDA:182,13,0,0
BRDA:182,13,1,0
BRDA:188,14,0,0
BRDA:188,14,1,0
BRDA:268,15,0,0
BRDA:268,15,1,0
BRDA:269,16,0,0
BRDA:269,16,1,0
BRDA:270,17,0,0
BRDA:270,17,1,0
BRDA:271,18,0,0
BRDA:271,18,1,0
BRDA:278,19,0,0
BRDA:278,19,1,0
BRDA:281,20,0,0
BRDA:281,20,1,0
BRDA:293,21,0,0
BRDA:293,21,1,0
BRDA:301,22,0,0
BRDA:301,22,1,0
BRDA:325,23,0,0
BRDA:325,23,1,0
BRDA:326,24,0,0
BRDA:326,24,1,0
BRDA:346,25,0,0
BRDA:346,25,1,0
BRDA:347,26,0,0
BRDA:347,26,1,0
BRDA:351,27,0,0
BRDA:351,27,1,0
BRDA:352,28,0,0
BRDA:352,28,1,0
BRDA:353,29,0,0
BRDA:353,29,1,0
BRDA:354,30,0,0
BRDA:354,30,1,0
BRDA:355,31,0,0
BRDA:355,31,1,0
BRDA:356,32,0,0
BRDA:356,32,1,0
BRDA:357,33,0,0
BRDA:357,33,1,0
BRDA:358,34,0,0
BRDA:358,34,1,0
BRDA:360,35,0,0
BRDA:360,35,1,0
BRDA:362,36,0,0
BRDA:362,36,1,0
BRDA:368,37,0,0
BRDA:368,37,1,0
BRDA:368,38,0,0
BRDA:368,38,1,0
BRDA:370,39,0,0
BRDA:370,39,1,0
BRDA:373,40,0,0
BRDA:373,40,1,0
BRDA:374,41,0,0
BRDA:374,41,1,0
BRDA:414,42,0,0
BRDA:414,42,1,0
BRDA:432,43,0,0
BRDA:432,43,1,0
BRDA:466,44,0,0
BRDA:466,44,1,0
BRDA:494,45,0,0
BRDA:494,45,1,0
BRDA:499,46,0,0
BRDA:499,46,1,0
BRDA:511,47,0,0
BRDA:511,47,1,0
BRDA:516,48,0,0
BRDA:516,48,1,0
BRDA:532,49,0,0
BRDA:532,49,1,0
BRDA:537,50,0,0
BRDA:537,50,1,0
BRDA:553,51,0,0
BRDA:553,51,1,0
BRDA:625,52,0,0
BRDA:625,52,1,0
BRDA:667,53,0,0
BRDA:667,53,1,0
BRDA:725,54,0,0
BRDA:725,54,1,0
BRDA:744,55,0,0
BRDA:744,55,1,0
BRDA:748,56,0,0
BRDA:748,56,1,0
BRDA:750,57,0,0
BRDA:750,57,1,0
BRF:118
BRH:0
end_of_record
TN:
SF:src\pages\Chatbot.jsx
FN:16,ChatMessage
FN:44,Chatbot
FN:57,(anonymous_2)
FN:61,(anonymous_3)
FN:65,(anonymous_4)
FN:70,(anonymous_5)
FN:76,(anonymous_6)
FN:77,(anonymous_7)
FN:84,(anonymous_8)
FN:89,(anonymous_9)
FN:101,(anonymous_10)
FN:108,(anonymous_11)
FN:148,(anonymous_12)
FN:158,(anonymous_13)
FN:161,(anonymous_14)
FN:209,(anonymous_15)
FN:219,(anonymous_16)
FNF:17
FNH:0
FNDA:0,ChatMessage
FNDA:0,Chatbot
FNDA:0,(anonymous_2)
FNDA:0,(anonymous_3)
FNDA:0,(anonymous_4)
FNDA:0,(anonymous_5)
FNDA:0,(anonymous_6)
FNDA:0,(anonymous_7)
FNDA:0,(anonymous_8)
FNDA:0,(anonymous_9)
FNDA:0,(anonymous_10)
FNDA:0,(anonymous_11)
FNDA:0,(anonymous_12)
FNDA:0,(anonymous_13)
FNDA:0,(anonymous_14)
FNDA:0,(anonymous_15)
FNDA:0,(anonymous_16)
DA:7,0
DA:17,0
DA:18,0
DA:45,0
DA:52,0
DA:53,0
DA:54,0
DA:55,0
DA:57,0
DA:58,0
DA:61,0
DA:62,0
DA:65,0
DA:66,0
DA:67,0
DA:69,0
DA:70,0
DA:71,0
DA:72,0
DA:74,0
DA:75,0
DA:76,0
DA:77,0
DA:79,0
DA:84,0
DA:89,0
DA:97,0
DA:101,0
DA:102,0
DA:103,0
DA:104,0
DA:108,0
DA:109,0
DA:117,0
DA:149,0
DA:159,0
DA:161,0
DA:209,0
DA:219,0
LF:39
LH:0
BRDA:19,0,0,0
BRDA:19,0,1,0
BRDA:22,1,0,0
BRDA:22,1,1,0
BRDA:24,2,0,0
BRDA:24,2,1,0
BRDA:33,3,0,0
BRDA:33,3,1,0
BRDA:66,4,0,0
BRDA:66,4,1,0
BRDA:67,5,0,0
BRDA:67,5,1,0
BRDA:67,6,0,0
BRDA:67,6,1,0
BRDA:102,7,0,0
BRDA:102,7,1,0
BRDA:102,8,0,0
BRDA:102,8,1,0
BRDA:152,9,0,0
BRDA:152,9,1,0
BRDA:152,9,2,0
BRDA:152,9,3,0
BRDA:174,10,0,0
BRDA:174,10,1,0
BRDA:220,11,0,0
BRDA:220,11,1,0
BRDA:223,12,0,0
BRDA:223,12,1,0
BRF:28
BRH:0
end_of_record
TN:
SF:src\pages\Dashboard.jsx
FN:130,getGreeting
FN:138,getIndonesianDate
FN:147,Dashboard
FN:166,(anonymous_3)
FN:181,(anonymous_4)
FN:185,(anonymous_5)
FN:198,(anonymous_6)
FN:199,(anonymous_7)
FN:214,(anonymous_8)
FN:218,(anonymous_9)
FN:234,(anonymous_10)
FN:239,(anonymous_11)
FN:244,(anonymous_12)
FN:251,(anonymous_13)
FN:253,(anonymous_14)
FN:268,(anonymous_15)
FN:310,(anonymous_16)
FN:311,(anonymous_17)
FN:325,(anonymous_18)
FN:331,(anonymous_19)
FN:339,(anonymous_20)
FN:356,(anonymous_21)
FN:365,(anonymous_22)
FN:392,(anonymous_23)
FN:399,(anonymous_24)
FN:421,(anonymous_25)
FN:428,(anonymous_26)
FN:651,(anonymous_27)
FN:760,(anonymous_28)
FN:787,(anonymous_29)
FN:799,(anonymous_30)
FN:800,(anonymous_31)
FN:864,(anonymous_32)
FN:871,(anonymous_33)
FN:888,(anonymous_34)
FN:889,(anonymous_35)
FN:900,(anonymous_36)
FNF:37
FNH:0
FNDA:0,getGreeting
FNDA:0,getIndonesianDate
FNDA:0,Dashboard
FNDA:0,(anonymous_3)
FNDA:0,(anonymous_4)
FNDA:0,(anonymous_5)
FNDA:0,(anonymous_6)
FNDA:0,(anonymous_7)
FNDA:0,(anonymous_8)
FNDA:0,(anonymous_9)
FNDA:0,(anonymous_10)
FNDA:0,(anonymous_11)
FNDA:0,(anonymous_12)
FNDA:0,(anonymous_13)
FNDA:0,(anonymous_14)
FNDA:0,(anonymous_15)
FNDA:0,(anonymous_16)
FNDA:0,(anonymous_17)
FNDA:0,(anonymous_18)
FNDA:0,(anonymous_19)
FNDA:0,(anonymous_20)
FNDA:0,(anonymous_21)
FNDA:0,(anonymous_22)
FNDA:0,(anonymous_23)
FNDA:0,(anonymous_24)
FNDA:0,(anonymous_25)
FNDA:0,(anonymous_26)
FNDA:0,(anonymous_27)
FNDA:0,(anonymous_28)
FNDA:0,(anonymous_29)
FNDA:0,(anonymous_30)
FNDA:0,(anonymous_31)
FNDA:0,(anonymous_32)
FNDA:0,(anonymous_33)
FNDA:0,(anonymous_34)
FNDA:0,(anonymous_35)
FNDA:0,(anonymous_36)
DA:34,0
DA:85,0
DA:118,0
DA:127,0
DA:128,0
DA:131,0
DA:132,0
DA:133,0
DA:134,0
DA:135,0
DA:139,0
DA:148,0
DA:150,0
DA:151,0
DA:152,0
DA:153,0
DA:154,0
DA:155,0
DA:156,0
DA:157,0
DA:158,0
DA:159,0
DA:160,0
DA:161,0
DA:166,0
DA:167,0
DA:168,0
DA:169,0
DA:171,0
DA:172,0
DA:173,0
DA:174,0
DA:177,0
DA:178,0
DA:179,0
DA:181,0
DA:182,0
DA:185,0
DA:186,0
DA:189,0
DA:191,0
DA:192,0
DA:194,0
DA:198,0
DA:199,0
DA:200,0
DA:201,0
DA:202,0
DA:204,0
DA:205,0
DA:206,0
DA:207,0
DA:210,0
DA:211,0
DA:212,0
DA:214,0
DA:215,0
DA:218,0
DA:219,0
DA:222,0
DA:224,0
DA:225,0
DA:227,0
DA:231,0
DA:234,0
DA:235,0
DA:236,0
DA:239,0
DA:240,0
DA:241,0
DA:244,0
DA:245,0
DA:246,0
DA:247,0
DA:251,0
DA:253,0
DA:254,0
DA:255,0
DA:256,0
DA:257,0
DA:258,0
DA:259,0
DA:260,0
DA:262,0
DA:264,0
DA:268,0
DA:269,0
DA:270,0
DA:273,0
DA:276,0
DA:277,0
DA:278,0
DA:280,0
DA:281,0
DA:285,0
DA:287,0
DA:294,0
DA:295,0
DA:297,0
DA:301,0
DA:308,0
DA:309,0
DA:310,0
DA:311,0
DA:315,0
DA:318,0
DA:320,0
DA:325,0
DA:331,0
DA:341,0
DA:356,0
DA:365,0
DA:392,0
DA:399,0
DA:421,0
DA:428,0
DA:653,0
DA:654,0
DA:656,0
DA:658,0
DA:761,0
DA:789,0
DA:790,0
DA:791,0
DA:796,0
DA:799,0
DA:800,0
DA:864,0
DA:871,0
DA:888,0
DA:890,0
DA:891,0
DA:900,0
LF:133
LH:0
BRDA:132,0,0,0
BRDA:132,0,1,0
BRDA:132,1,0,0
BRDA:132,1,1,0
BRDA:133,2,0,0
BRDA:133,2,1,0
BRDA:133,3,0,0
BRDA:133,3,1,0
BRDA:134,4,0,0
BRDA:134,4,1,0
BRDA:134,5,0,0
BRDA:134,5,1,0
BRDA:173,6,0,0
BRDA:173,6,1,0
BRDA:179,7,0,0
BRDA:179,7,1,0
BRDA:181,8,0,0
BRDA:181,8,1,0
BRDA:185,9,0,0
BRDA:185,9,1,0
BRDA:206,10,0,0
BRDA:206,10,1,0
BRDA:212,11,0,0
BRDA:212,11,1,0
BRDA:214,12,0,0
BRDA:214,12,1,0
BRDA:218,13,0,0
BRDA:218,13,1,0
BRDA:254,14,0,0
BRDA:254,14,1,0
BRDA:276,15,0,0
BRDA:276,15,1,0
BRDA:280,16,0,0
BRDA:280,16,1,0
BRDA:281,17,0,0
BRDA:281,17,1,0
BRDA:287,18,0,0
BRDA:287,18,1,0
BRDA:289,19,0,0
BRDA:289,19,1,0
BRDA:295,20,0,0
BRDA:295,20,1,0
BRDA:297,21,0,0
BRDA:297,21,1,0
BRDA:301,22,0,0
BRDA:301,22,1,0
BRDA:303,23,0,0
BRDA:303,23,1,0
BRDA:308,24,0,0
BRDA:308,24,1,0
BRDA:318,25,0,0
BRDA:318,25,1,0
BRDA:336,26,0,0
BRDA:336,26,1,0
BRDA:341,27,0,0
BRDA:341,27,1,0
BRDA:408,28,0,0
BRDA:408,28,1,0
BRDA:408,28,2,0
BRDA:441,29,0,0
BRDA:441,29,1,0
BRDA:441,29,2,0
BRDA:441,29,3,0
BRDA:463,30,0,0
BRDA:463,30,1,0
BRDA:493,31,0,0
BRDA:493,31,1,0
BRDA:602,32,0,0
BRDA:602,32,1,0
BRDA:630,33,0,0
BRDA:630,33,1,0
BRDA:630,33,2,0
BRDA:649,34,0,0
BRDA:649,34,1,0
BRDA:653,35,0,0
BRDA:653,35,1,0
BRDA:656,36,0,0
BRDA:656,36,1,0
BRDA:757,37,0,0
BRDA:757,37,1,0
BRDA:765,38,0,0
BRDA:765,38,1,0
BRDA:783,39,0,0
BRDA:783,39,1,0
BRDA:789,40,0,0
BRDA:789,40,1,0
BRDA:816,41,0,0
BRDA:816,41,1,0
BRDA:819,42,0,0
BRDA:819,42,1,0
BRDA:837,43,0,0
BRDA:837,43,1,0
BRDA:885,44,0,0
BRDA:885,44,1,0
BRDA:896,45,0,0
BRDA:896,45,1,0
BRF:96
BRH:0
end_of_record
TN:
SF:src\pages\ForgotPassword.jsx
FN:9,ForgotPassword
FN:15,(anonymous_1)
FN:77,(anonymous_2)
FNF:3
FNH:0
FNDA:0,ForgotPassword
FNDA:0,(anonymous_1)
FNDA:0,(anonymous_2)
DA:10,0
DA:11,0
DA:12,0
DA:13,0
DA:15,0
DA:16,0
DA:17,0
DA:18,0
DA:20,0
DA:21,0
DA:22,0
DA:24,0
DA:25,0
DA:30,0
DA:34,0
DA:35,0
DA:57,0
DA:77,0
LF:18
LH:0
BRDA:26,0,0,0
BRDA:26,0,1,0
BRDA:34,1,0,0
BRDA:34,1,1,0
BRDA:64,2,0,0
BRDA:64,2,1,0
BRF:6
BRH:0
end_of_record
TN:
SF:src\pages\Gamification.jsx
FN:34,(anonymous_0)
FN:63,(anonymous_1)
FN:71,StreakCard
FN:72,(anonymous_3)
FN:85,(anonymous_4)
FN:118,BadgeGrid
FN:121,(anonymous_6)
FN:132,(anonymous_7)
FN:136,(anonymous_8)
FN:139,(anonymous_9)
FN:153,(anonymous_10)
FN:213,Gamification
FN:217,(anonymous_12)
FN:218,(anonymous_13)
FN:370,(anonymous_14)
FN:404,(anonymous_15)
FNF:16
FNH:0
FNDA:0,(anonymous_0)
FNDA:0,(anonymous_1)
FNDA:0,StreakCard
FNDA:0,(anonymous_3)
FNDA:0,(anonymous_4)
FNDA:0,BadgeGrid
FNDA:0,(anonymous_6)
FNDA:0,(anonymous_7)
FNDA:0,(anonymous_8)
FNDA:0,(anonymous_9)
FNDA:0,(anonymous_10)
FNDA:0,Gamification
FNDA:0,(anonymous_12)
FNDA:0,(anonymous_13)
FNDA:0,(anonymous_14)
FNDA:0,(anonymous_15)
DA:34,0
DA:37,0
DA:63,0
DA:64,0
DA:65,0
DA:72,0
DA:73,0
DA:74,0
DA:75,0
DA:78,0
DA:86,0
DA:87,0
DA:88,0
DA:119,0
DA:121,0
DA:122,0
DA:125,0
DA:132,0
DA:137,0
DA:139,0
DA:154,0
DA:214,0
DA:215,0
DA:217,0
DA:218,0
DA:219,0
DA:220,0
DA:221,0
DA:223,0
DA:225,0
DA:228,0
DA:231,0
DA:232,0
DA:241,0
DA:243,0
DA:371,0
DA:405,0
LF:37
LH:0
BRDA:63,0,0,0
BRDA:63,1,0,0
BRDA:65,2,0,0
BRDA:65,2,1,0
BRDA:95,3,0,0
BRDA:95,3,1,0
BRDA:96,4,0,0
BRDA:96,4,1,0
BRDA:102,5,0,0
BRDA:102,5,1,0
BRDA:109,6,0,0
BRDA:109,6,1,0
BRDA:122,7,0,0
BRDA:122,7,1,0
BRDA:122,8,0,0
BRDA:122,8,1,0
BRDA:141,9,0,0
BRDA:141,9,1,0
BRDA:157,10,0,0
BRDA:157,10,1,0
BRDA:162,11,0,0
BRDA:162,11,1,0
BRDA:174,12,0,0
BRDA:174,12,1,0
BRDA:176,13,0,0
BRDA:176,13,1,0
BRDA:197,14,0,0
BRDA:197,14,1,0
BRDA:202,15,0,0
BRDA:202,15,1,0
BRDA:231,16,0,0
BRDA:231,16,1,0
BRDA:241,17,0,0
BRDA:241,17,1,0
BRDA:330,18,0,0
BRDA:330,18,1,0
BRDA:341,19,0,0
BRDA:341,19,1,0
BRF:38
BRH:0
end_of_record
TN:
SF:src\pages\Landing.jsx
FN:10,useCursorFollower
FN:17,(anonymous_1)
FN:18,(anonymous_2)
FN:26,(anonymous_3)
FN:27,(anonymous_4)
FN:37,(anonymous_5)
FN:46,Landing
FN:52,(anonymous_7)
FN:55,(anonymous_8)
FNF:9
FNH:0
FNDA:0,useCursorFollower
FNDA:0,(anonymous_1)
FNDA:0,(anonymous_2)
FNDA:0,(anonymous_3)
FNDA:0,(anonymous_4)
FNDA:0,(anonymous_5)
FNDA:0,Landing
FNDA:0,(anonymous_7)
FNDA:0,(anonymous_8)
DA:11,0
DA:12,0
DA:13,0
DA:14,0
DA:15,0
DA:17,0
DA:18,0
DA:19,0
DA:20,0
DA:21,0
DA:24,0
DA:26,0
DA:27,0
DA:28,0
DA:29,0
DA:30,0
DA:31,0
DA:33,0
DA:35,0
DA:37,0
DA:38,0
DA:39,0
DA:43,0
DA:47,0
DA:48,0
DA:49,0
DA:52,0
DA:53,0
DA:54,0
DA:55,0
DA:56,0
DA:57,0
DA:58,0
DA:64,0
LF:34
LH:0
BRDA:20,0,0,0
BRDA:20,0,1,0
BRDA:30,1,0,0
BRDA:30,1,1,0
BRDA:39,2,0,0
BRDA:39,2,1,0
BRDA:54,3,0,0
BRDA:54,3,1,0
BRDA:57,4,0,0
BRDA:57,4,1,0
BRF:10
BRH:0
end_of_record
TN:
SF:src\pages\Login.jsx
FN:10,Login
FN:19,(anonymous_1)
FN:59,(anonymous_2)
FN:84,(anonymous_3)
FNF:4
FNH:0
FNDA:0,Login
FNDA:0,(anonymous_1)
FNDA:0,(anonymous_2)
FNDA:0,(anonymous_3)
DA:11,0
DA:12,0
DA:13,0
DA:14,0
DA:16,0
DA:17,0
DA:19,0
DA:20,0
DA:21,0
DA:22,0
DA:24,0
DA:25,0
DA:26,0
DA:28,0
DA:29,0
DA:34,0
DA:38,0
DA:59,0
DA:84,0
LF:19
LH:0
BRDA:30,0,0,0
BRDA:30,0,1,0
BRDA:46,1,0,0
BRDA:46,1,1,0
BRF:4
BRH:0
end_of_record
TN:
SF:src\pages\Register.jsx
FN:15,PasswordStrengthIndicator
FN:46,Register
FN:57,(anonymous_2)
FN:102,(anonymous_3)
FN:113,(anonymous_4)
FN:126,(anonymous_5)
FN:139,(anonymous_6)
FNF:7
FNH:0
FNDA:0,PasswordStrengthIndicator
FNDA:0,Register
FNDA:0,(anonymous_2)
FNDA:0,(anonymous_3)
FNDA:0,(anonymous_4)
FNDA:0,(anonymous_5)
FNDA:0,(anonymous_6)
DA:16,0
DA:17,0
DA:19,0
DA:26,0
DA:47,0
DA:48,0
DA:49,0
DA:50,0
DA:51,0
DA:52,0
DA:54,0
DA:55,0
DA:57,0
DA:58,0
DA:60,0
DA:61,0
DA:62,0
DA:65,0
DA:66,0
DA:68,0
DA:69,0
DA:70,0
DA:72,0
DA:73,0
DA:78,0
DA:82,0
DA:102,0
DA:113,0
DA:126,0
DA:139,0
LF:30
LH:0
BRDA:16,0,0,0
BRDA:16,0,1,0
BRDA:39,1,0,0
BRDA:39,1,1,0
BRDA:60,2,0,0
BRDA:60,2,1,0
BRDA:74,3,0,0
BRDA:74,3,1,0
BRDA:90,4,0,0
BRDA:90,4,1,0
BRF:10
BRH:0
end_of_record
TN:
SF:src\pages\ResetPassword.jsx
FN:9,ResetPassword
FN:19,(anonymous_1)
FN:38,(anonymous_2)
FN:95,(anonymous_3)
FN:106,(anonymous_4)
FNF:5
FNH:0
FNDA:0,ResetPassword
FNDA:0,(anonymous_1)
FNDA:0,(anonymous_2)
FNDA:0,(anonymous_3)
FNDA:0,(anonymous_4)
DA:10,0
DA:11,0
DA:12,0
DA:13,0
DA:14,0
DA:16,0
DA:17,0
DA:19,0
DA:20,0
DA:22,0
DA:23,0
DA:24,0
DA:27,0
DA:28,0
DA:29,0
DA:32,0
DA:33,0
DA:35,0
DA:36,0
DA:37,0
DA:38,0
DA:39,0
DA:42,0
DA:43,0
DA:48,0
DA:52,0
DA:53,0
DA:75,0
DA:95,0
DA:106,0
LF:30
LH:0
BRDA:22,0,0,0
BRDA:22,0,1,0
BRDA:27,1,0,0
BRDA:27,1,1,0
BRDA:44,2,0,0
BRDA:44,2,1,0
BRDA:52,3,0,0
BRDA:52,3,1,0
BRDA:82,4,0,0
BRDA:82,4,1,0
BRF:10
BRH:0
end_of_record
TN:
SF:src\pages\SavingGoals.jsx
FN:19,(anonymous_0)
FN:36,StatusBadge
FN:66,GoalCard
FN:80,(anonymous_3)
FN:112,(anonymous_4)
FN:191,(anonymous_5)
FN:194,(anonymous_6)
FN:209,(anonymous_7)
FN:220,(anonymous_8)
FN:231,CreateGoalModal
FN:243,(anonymous_10)
FN:245,(anonymous_11)
FN:247,(anonymous_12)
FN:248,(anonymous_13)
FN:256,(anonymous_14)
FN:285,(anonymous_15)
FN:372,(anonymous_16)
FN:376,(anonymous_17)
FN:377,(anonymous_18)
FN:424,SavingGoals
FN:430,(anonymous_20)
FN:443,(anonymous_21)
FN:445,(anonymous_22)
FN:459,(anonymous_23)
FN:464,(anonymous_24)
FN:469,(anonymous_25)
FN:477,(anonymous_26)
FN:484,(anonymous_27)
FN:485,(anonymous_28)
FN:488,(anonymous_29)
FN:509,(anonymous_30)
FN:549,(anonymous_31)
FN:599,(anonymous_32)
FN:607,(anonymous_33)
FN:621,(anonymous_34)
FNF:35
FNH:0
FNDA:0,(anonymous_0)
FNDA:0,StatusBadge
FNDA:0,GoalCard
FNDA:0,(anonymous_3)
FNDA:0,(anonymous_4)
FNDA:0,(anonymous_5)
FNDA:0,(anonymous_6)
FNDA:0,(anonymous_7)
FNDA:0,(anonymous_8)
FNDA:0,CreateGoalModal
FNDA:0,(anonymous_10)
FNDA:0,(anonymous_11)
FNDA:0,(anonymous_12)
FNDA:0,(anonymous_13)
FNDA:0,(anonymous_14)
FNDA:0,(anonymous_15)
FNDA:0,(anonymous_16)
FNDA:0,(anonymous_17)
FNDA:0,(anonymous_18)
FNDA:0,SavingGoals
FNDA:0,(anonymous_20)
FNDA:0,(anonymous_21)
FNDA:0,(anonymous_22)
FNDA:0,(anonymous_23)
FNDA:0,(anonymous_24)
FNDA:0,(anonymous_25)
FNDA:0,(anonymous_26)
FNDA:0,(anonymous_27)
FNDA:0,(anonymous_28)
FNDA:0,(anonymous_29)
FNDA:0,(anonymous_30)
FNDA:0,(anonymous_31)
FNDA:0,(anonymous_32)
FNDA:0,(anonymous_33)
FNDA:0,(anonymous_34)
DA:19,0
DA:20,0
DA:24,0
DA:37,0
DA:38,0
DA:44,0
DA:45,0
DA:51,0
DA:52,0
DA:58,0
DA:67,0
DA:68,0
DA:69,0
DA:72,0
DA:80,0
DA:81,0
DA:82,0
DA:83,0
DA:84,0
DA:85,0
DA:86,0
DA:88,0
DA:92,0
DA:112,0
DA:191,0
DA:194,0
DA:210,0
DA:211,0
DA:220,0
DA:232,0
DA:240,0
DA:241,0
DA:243,0
DA:244,0
DA:245,0
DA:246,0
DA:247,0
DA:248,0
DA:256,0
DA:257,0
DA:258,0
DA:259,0
DA:260,0
DA:262,0
DA:263,0
DA:264,0
DA:265,0
DA:267,0
DA:269,0
DA:274,0
DA:276,0
DA:278,0
DA:285,0
DA:373,0
DA:377,0
DA:425,0
DA:426,0
DA:427,0
DA:428,0
DA:430,0
DA:431,0
DA:432,0
DA:433,0
DA:434,0
DA:435,0
DA:437,0
DA:439,0
DA:443,0
DA:444,0
DA:445,0
DA:446,0
DA:447,0
DA:448,0
DA:449,0
DA:450,0
DA:451,0
DA:453,0
DA:455,0
DA:458,0
DA:459,0
DA:460,0
DA:464,0
DA:465,0
DA:466,0
DA:469,0
DA:470,0
DA:471,0
DA:472,0
DA:473,0
DA:477,0
DA:478,0
DA:479,0
DA:480,0
DA:484,0
DA:485,0
DA:486,0
DA:488,0
DA:489,0
DA:492,0
DA:509,0
DA:550,0
DA:599,0
DA:608,0
DA:621,0
LF:104
LH:0
BRDA:37,0,0,0
BRDA:37,0,1,0
BRDA:37,1,0,0
BRDA:37,1,1,0
BRDA:44,2,0,0
BRDA:44,2,1,0
BRDA:51,3,0,0
BRDA:51,3,1,0
BRDA:72,4,0,0
BRDA:72,4,1,0
BRDA:72,5,0,0
BRDA:72,5,1,0
BRDA:74,6,0,0
BRDA:74,6,1,0
BRDA:76,7,0,0
BRDA:76,7,1,0
BRDA:81,8,0,0
BRDA:81,8,1,0
BRDA:81,9,0,0
BRDA:81,9,1,0
BRDA:153,10,0,0
BRDA:153,10,1,0
BRDA:153,10,2,0
BRDA:175,11,0,0
BRDA:175,11,1,0
BRDA:175,11,2,0
BRDA:184,12,0,0
BRDA:184,12,1,0
BRDA:184,12,2,0
BRDA:186,13,0,0
BRDA:186,13,1,0
BRDA:194,14,0,0
BRDA:194,14,1,0
BRDA:202,15,0,0
BRDA:202,15,1,0
BRDA:246,16,0,0
BRDA:246,16,1,0
BRDA:251,17,0,0
BRDA:251,17,1,0
BRDA:258,18,0,0
BRDA:258,18,1,0
BRDA:258,19,0,0
BRDA:258,19,1,0
BRDA:258,19,2,0
BRDA:310,20,0,0
BRDA:310,20,1,0
BRDA:384,21,0,0
BRDA:384,21,1,0
BRDA:409,22,0,0
BRDA:409,22,1,0
BRDA:447,23,0,0
BRDA:447,23,1,0
BRDA:451,24,0,0
BRDA:451,24,1,0
BRDA:453,25,0,0
BRDA:453,25,1,0
BRDA:455,26,0,0
BRDA:455,26,1,0
BRDA:472,27,0,0
BRDA:472,27,1,0
BRDA:478,28,0,0
BRDA:478,28,1,0
BRDA:486,29,0,0
BRDA:486,29,1,0
BRDA:489,30,0,0
BRDA:489,30,1,0
BRDA:518,31,0,0
BRDA:518,31,1,0
BRDA:571,32,0,0
BRDA:571,32,1,0
BRDA:575,33,0,0
BRDA:575,33,1,0
BRDA:586,34,0,0
BRDA:586,34,1,0
BRDA:619,35,0,0
BRDA:619,35,1,0
BRF:76
BRH:0
end_of_record
TN:
SF:src\pages\Settings.jsx
FN:10,Settings
FN:29,(anonymous_1)
FN:30,(anonymous_2)
FN:58,(anonymous_3)
FN:76,(anonymous_4)
FN:131,(anonymous_5)
FN:168,(anonymous_6)
FN:176,(anonymous_7)
FN:251,(anonymous_8)
FN:259,(anonymous_9)
FN:259,(anonymous_10)
FN:274,(anonymous_11)
FNF:12
FNH:0
FNDA:0,Settings
FNDA:0,(anonymous_1)
FNDA:0,(anonymous_2)
FNDA:0,(anonymous_3)
FNDA:0,(anonymous_4)
FNDA:0,(anonymous_5)
FNDA:0,(anonymous_6)
FNDA:0,(anonymous_7)
FNDA:0,(anonymous_8)
FNDA:0,(anonymous_9)
FNDA:0,(anonymous_10)
FNDA:0,(anonymous_11)
DA:11,0
DA:12,0
DA:13,0
DA:15,0
DA:29,0
DA:30,0
DA:31,0
DA:32,0
DA:33,0
DA:34,0
DA:48,0
DA:49,0
DA:51,0
DA:55,0
DA:58,0
DA:59,0
DA:60,0
DA:62,0
DA:63,0
DA:64,0
DA:66,0
DA:67,0
DA:72,0
DA:76,0
DA:77,0
DA:78,0
DA:82,0
DA:91,0
DA:93,0
DA:132,0
DA:169,0
DA:177,0
DA:252,0
DA:259,0
DA:260,0
DA:275,0
LF:36
LH:0
BRDA:68,0,0,0
BRDA:68,0,1,0
BRDA:105,1,0,0
BRDA:105,1,1,0
BRDA:134,2,0,0
BRDA:134,2,1,0
BRDA:179,3,0,0
BRDA:179,3,1,0
BRDA:210,4,0,0
BRDA:210,4,1,0
BRDA:214,5,0,0
BRDA:214,5,1,0
BRDA:222,6,0,0
BRDA:222,6,1,0
BRDA:277,7,0,0
BRDA:277,7,1,0
BRDA:285,8,0,0
BRDA:285,8,1,0
BRDA:297,9,0,0
BRDA:297,9,1,0
BRDA:299,10,0,0
BRDA:299,10,1,0
BRDA:301,11,0,0
BRDA:301,11,1,0
BRF:24
BRH:0
end_of_record
TN:
SF:src\pages\Transactions.jsx
FN:80,(anonymous_0)
FN:83,getRelativeDateLabel
FN:100,groupTransactionsByDate
FN:102,(anonymous_3)
FN:108,(anonymous_4)
FN:109,(anonymous_5)
FN:116,EmptyIllustration
FN:173,SummaryCard
FN:196,TransactionItemContent
FN:204,(anonymous_9)
FN:252,TransactionSkeletons
FN:257,(anonymous_11)
FN:264,(anonymous_12)
FN:273,Transactions
FN:288,(anonymous_14)
FN:289,(anonymous_15)
FN:292,(anonymous_16)
FN:294,(anonymous_17)
FN:301,(anonymous_18)
FN:308,(anonymous_19)
FN:314,(anonymous_20)
FN:327,(anonymous_21)
FN:332,(anonymous_22)
FN:336,(anonymous_23)
FN:354,(anonymous_24)
FN:355,(anonymous_25)
FN:365,(anonymous_26)
FN:375,(anonymous_27)
FN:377,(anonymous_28)
FN:378,(anonymous_29)
FN:380,(anonymous_30)
FN:381,(anonymous_31)
FN:390,(anonymous_32)
FN:423,(anonymous_33)
FN:469,(anonymous_34)
FN:474,(anonymous_35)
FN:484,(anonymous_36)
FN:484,(anonymous_37)
FN:494,(anonymous_38)
FN:494,(anonymous_39)
FN:514,(anonymous_40)
FN:521,(anonymous_41)
FN:546,(anonymous_42)
FN:548,(anonymous_43)
FN:559,(anonymous_44)
FN:579,(anonymous_45)
FN:595,(anonymous_46)
FN:598,(anonymous_47)
FN:599,(anonymous_48)
FN:623,(anonymous_49)
FN:669,(anonymous_50)
FN:670,(anonymous_51)
FN:681,(anonymous_52)
FNF:53
FNH:0
FNDA:0,(anonymous_0)
FNDA:0,getRelativeDateLabel
FNDA:0,groupTransactionsByDate
FNDA:0,(anonymous_3)
FNDA:0,(anonymous_4)
FNDA:0,(anonymous_5)
FNDA:0,EmptyIllustration
FNDA:0,SummaryCard
FNDA:0,TransactionItemContent
FNDA:0,(anonymous_9)
FNDA:0,TransactionSkeletons
FNDA:0,(anonymous_11)
FNDA:0,(anonymous_12)
FNDA:0,Transactions
FNDA:0,(anonymous_14)
FNDA:0,(anonymous_15)
FNDA:0,(anonymous_16)
FNDA:0,(anonymous_17)
FNDA:0,(anonymous_18)
FNDA:0,(anonymous_19)
FNDA:0,(anonymous_20)
FNDA:0,(anonymous_21)
FNDA:0,(anonymous_22)
FNDA:0,(anonymous_23)
FNDA:0,(anonymous_24)
FNDA:0,(anonymous_25)
FNDA:0,(anonymous_26)
FNDA:0,(anonymous_27)
FNDA:0,(anonymous_28)
FNDA:0,(anonymous_29)
FNDA:0,(anonymous_30)
FNDA:0,(anonymous_31)
FNDA:0,(anonymous_32)
FNDA:0,(anonymous_33)
FNDA:0,(anonymous_34)
FNDA:0,(anonymous_35)
FNDA:0,(anonymous_36)
FNDA:0,(anonymous_37)
FNDA:0,(anonymous_38)
FNDA:0,(anonymous_39)
FNDA:0,(anonymous_40)
FNDA:0,(anonymous_41)
FNDA:0,(anonymous_42)
FNDA:0,(anonymous_43)
FNDA:0,(anonymous_44)
FNDA:0,(anonymous_45)
FNDA:0,(anonymous_46)
FNDA:0,(anonymous_47)
FNDA:0,(anonymous_48)
FNDA:0,(anonymous_49)
FNDA:0,(anonymous_50)
FNDA:0,(anonymous_51)
FNDA:0,(anonymous_52)
DA:37,0
DA:49,0
DA:80,0
DA:81,0
DA:84,0
DA:85,0
DA:86,0
DA:87,0
DA:88,0
DA:90,0
DA:91,0
DA:92,0
DA:101,0
DA:102,0
DA:103,0
DA:104,0
DA:105,0
DA:107,0
DA:108,0
DA:109,0
DA:117,0
DA:174,0
DA:197,0
DA:198,0
DA:199,0
DA:200,0
DA:204,0
DA:206,0
DA:253,0
DA:258,0
DA:265,0
DA:274,0
DA:275,0
DA:276,0
DA:277,0
DA:278,0
DA:279,0
DA:280,0
DA:281,0
DA:282,0
DA:283,0
DA:284,0
DA:285,0
DA:286,0
DA:288,0
DA:289,0
DA:292,0
DA:293,0
DA:294,0
DA:296,0
DA:297,0
DA:298,0
DA:302,0
DA:303,0
DA:304,0
DA:308,0
DA:309,0
DA:314,0
DA:315,0
DA:316,0
DA:317,0
DA:318,0
DA:320,0
DA:321,0
DA:323,0
DA:327,0
DA:328,0
DA:329,0
DA:332,0
DA:333,0
DA:336,0
DA:337,0
DA:338,0
DA:339,0
DA:340,0
DA:341,0
DA:342,0
DA:343,0
DA:344,0
DA:346,0
DA:347,0
DA:349,0
DA:354,0
DA:355,0
DA:357,0
DA:360,0
DA:361,0
DA:365,0
DA:366,0
DA:367,0
DA:368,0
DA:371,0
DA:375,0
DA:376,0
DA:377,0
DA:378,0
DA:379,0
DA:380,0
DA:381,0
DA:382,0
DA:390,0
DA:391,0
DA:395,0
DA:424,0
DA:469,0
DA:474,0
DA:484,0
DA:494,0
DA:515,0
DA:517,0
DA:518,0
DA:521,0
DA:546,0
DA:548,0
DA:559,0
DA:580,0
DA:596,0
DA:598,0
DA:599,0
DA:623,0
DA:669,0
DA:671,0
DA:672,0
DA:681,0
LF:124
LH:0
BRDA:90,0,0,0
BRDA:90,0,1,0
BRDA:91,1,0,0
BRDA:91,1,1,0
BRDA:104,2,0,0
BRDA:104,2,1,0
BRDA:187,3,0,0
BRDA:187,3,1,0
BRDA:199,4,0,0
BRDA:199,4,1,0
BRDA:204,5,0,0
BRDA:204,5,1,0
BRDA:221,6,0,0
BRDA:221,6,1,0
BRDA:236,7,0,0
BRDA:236,7,1,0
BRDA:239,8,0,0
BRDA:239,8,1,0
BRDA:296,9,0,0
BRDA:296,9,1,0
BRDA:302,10,0,0
BRDA:302,10,1,0
BRDA:337,11,0,0
BRDA:337,11,1,0
BRDA:357,12,0,0
BRDA:357,12,1,0
BRDA:358,13,0,0
BRDA:358,13,1,0
BRDA:360,14,0,0
BRDA:360,14,1,0
BRDA:361,15,0,0
BRDA:361,15,1,0
BRDA:368,16,0,0
BRDA:368,16,1,0
BRDA:421,17,0,0
BRDA:421,17,1,0
BRDA:430,18,0,0
BRDA:430,18,1,0
BRDA:472,19,0,0
BRDA:472,19,1,0
BRDA:486,20,0,0
BRDA:486,20,1,0
BRDA:489,21,0,0
BRDA:489,21,1,0
BRDA:496,22,0,0
BRDA:496,22,1,0
BRDA:496,23,0,0
BRDA:496,23,1,0
BRDA:507,24,0,0
BRDA:507,24,1,0
BRDA:517,25,0,0
BRDA:517,25,1,0
BRDA:524,26,0,0
BRDA:524,26,1,0
BRDA:526,27,0,0
BRDA:526,27,1,0
BRDA:531,28,0,0
BRDA:531,28,1,0
BRDA:541,29,0,0
BRDA:541,29,1,0
BRDA:541,29,2,0
BRDA:544,30,0,0
BRDA:544,30,1,0
BRDA:555,31,0,0
BRDA:555,31,1,0
BRDA:572,32,0,0
BRDA:572,32,1,0
BRDA:574,33,0,0
BRDA:574,33,1,0
BRDA:577,34,0,0
BRDA:577,34,1,0
BRDA:630,35,0,0
BRDA:630,35,1,0
BRDA:637,36,0,0
BRDA:637,36,1,0
BRDA:637,37,0,0
BRDA:637,37,1,0
BRDA:642,38,0,0
BRDA:642,38,1,0
BRDA:642,39,0,0
BRDA:642,39,1,0
BRDA:646,40,0,0
BRDA:646,40,1,0
BRDA:646,40,2,0
BRDA:666,41,0,0
BRDA:666,41,1,0
BRDA:677,42,0,0
BRDA:677,42,1,0
BRDA:686,43,0,0
BRDA:686,43,1,0
BRDA:686,43,2,0
BRDA:686,43,3,0
BRF:92
BRH:0
end_of_record
TN:
SF:src\services\api.js
FN:13,(anonymous_0)
FN:21,(anonymous_1)
FNF:2
FNH:0
FNDA:0,(anonymous_0)
FNDA:0,(anonymous_1)
DA:3,0
DA:5,0
DA:13,0
DA:15,0
DA:16,0
DA:17,0
DA:19,0
DA:21,0
LF:8
LH:0
BRDA:3,0,0,0
BRDA:3,0,1,0
BRDA:16,1,0,0
BRDA:16,1,1,0
BRF:4
BRH:0
end_of_record
TN:
SF:src\services\authService.js
FN:8,(anonymous_0)
FN:22,(anonymous_1)
FN:36,(anonymous_2)
FN:60,(anonymous_3)
FN:69,(anonymous_4)
FN:78,(anonymous_5)
FN:89,(anonymous_6)
FN:90,(anonymous_7)
FNF:8
FNH:5
FNDA:3,(anonymous_0)
FNDA:4,(anonymous_1)
FNDA:0,(anonymous_2)
FNDA:1,(anonymous_3)
FNDA:2,(anonymous_4)
FNDA:1,(anonymous_5)
FNDA:0,(anonymous_6)
FNDA:0,(anonymous_7)
DA:8,1
DA:9,3
DA:10,2
DA:11,2
DA:12,2
DA:14,2
DA:22,1
DA:23,4
DA:24,3
DA:25,3
DA:26,3
DA:28,3
DA:36,1
DA:37,0
DA:38,0
DA:39,0
DA:40,0
DA:42,0
DA:43,0
DA:44,0
DA:46,0
DA:48,0
DA:53,0
DA:60,1
DA:61,1
DA:62,1
DA:69,1
DA:70,2
DA:71,2
DA:78,1
DA:79,1
DA:82,1
DA:89,0
DA:90,0
LF:34
LH:22
BRDA:10,0,0,2
BRDA:10,0,1,0
BRDA:24,1,0,3
BRDA:24,1,1,0
BRDA:42,2,0,0
BRDA:42,2,1,0
BRDA:71,3,0,1
BRDA:71,3,1,1
BRF:8
BRH:4
end_of_record
TN:
SF:src\services\transactionService.js
FN:7,(anonymous_0)
FN:17,(anonymous_1)
FN:27,(anonymous_2)
FN:38,(anonymous_3)
FN:48,(anonymous_4)
FN:58,(anonymous_5)
FN:73,(anonymous_6)
FN:91,(anonymous_7)
FN:96,(anonymous_8)
FN:101,(anonymous_9)
FN:106,(anonymous_10)
FNF:11
FNH:5
FNDA:2,(anonymous_0)
FNDA:1,(anonymous_1)
FNDA:2,(anonymous_2)
FNDA:1,(anonymous_3)
FNDA:2,(anonymous_4)
FNDA:0,(anonymous_5)
FNDA:0,(anonymous_6)
FNDA:0,(anonymous_7)
FNDA:0,(anonymous_8)
FNDA:0,(anonymous_9)
FNDA:0,(anonymous_10)
DA:7,1
DA:8,2
DA:9,1
DA:17,1
DA:18,1
DA:19,1
DA:27,1
DA:28,2
DA:29,1
DA:38,1
DA:39,1
DA:40,1
DA:48,1
DA:49,2
DA:50,1
DA:58,1
DA:59,0
DA:60,0
DA:61,0
DA:66,0
DA:73,1
DA:74,0
DA:75,0
DA:78,1
DA:91,1
DA:92,0
DA:93,0
DA:96,1
DA:97,0
DA:98,0
DA:101,1
DA:102,0
DA:103,0
DA:106,1
DA:107,0
DA:108,0
DA:111,1
LF:37
LH:23
BRF:0
BRH:0
end_of_record
TN:
SF:src\services\userService.js
FN:7,(anonymous_0)
FN:17,(anonymous_1)
FN:27,(anonymous_2)
FN:37,(anonymous_3)
FNF:4
FNH:0
FNDA:0,(anonymous_0)
FNDA:0,(anonymous_1)
FNDA:0,(anonymous_2)
FNDA:0,(anonymous_3)
DA:7,0
DA:8,0
DA:9,0
DA:17,0
DA:18,0
DA:19,0
DA:27,0
DA:28,0
DA:29,0
DA:37,0
DA:38,0
DA:39,0
DA:40,0
DA:45,0
DA:48,0
LF:15
LH:0
BRF:0
BRH:0
end_of_record
TN:
SF:src\utils\animationConfig.js
FN:33,validateAnimationConfig
FN:118,parseAnimationConfig
FN:165,printAnimationConfig
FN:195,validateAnimationConfigSafe
FN:209,createDefaultAnimationConfig
FNF:5
FNH:5
FNDA:424,validateAnimationConfig
FNDA:220,parseAnimationConfig
FNDA:207,printAnimationConfig
FNDA:2,validateAnimationConfigSafe
FNDA:2,createDefaultAnimationConfig
DA:10,1
DA:13,1
DA:34,424
DA:36,424
DA:37,0
DA:41,424
DA:42,1
DA:43,423
DA:44,0
DA:45,423
DA:46,3
DA:51,424
DA:52,1
DA:53,423
DA:54,0
DA:55,423
DA:56,2
DA:57,421
DA:58,0
DA:61,424
DA:62,3
DA:63,421
DA:64,0
DA:65,421
DA:66,1
DA:69,424
DA:70,3
DA:71,421
DA:72,0
DA:73,421
DA:74,1
DA:78,424
DA:79,405
DA:80,0
DA:84,424
DA:85,408
DA:89,0
DA:90,408
DA:91,1
DA:95,424
DA:96,405
DA:97,0
DA:101,424
DA:102,1
DA:103,0
DA:107,424
DA:119,220
DA:120,0
DA:124,220
DA:125,220
DA:127,1
DA:131,219
DA:132,4
DA:137,215
DA:138,215
DA:139,9
DA:143,206
DA:166,207
DA:167,207
DA:168,1
DA:173,206
DA:186,207
DA:196,2
DA:197,2
DA:210,2
DA:220,2
LF:66
LH:55
BRDA:33,0,0,424
BRDA:36,1,0,0
BRDA:36,1,1,424
BRDA:36,2,0,424
BRDA:36,2,1,424
BRDA:41,3,0,1
BRDA:41,3,1,423
BRDA:43,4,0,0
BRDA:43,4,1,423
BRDA:45,5,0,3
BRDA:45,5,1,420
BRDA:51,6,0,1
BRDA:51,6,1,423
BRDA:53,7,0,0
BRDA:53,7,1,423
BRDA:55,8,0,2
BRDA:55,8,1,421
BRDA:57,9,0,0
BRDA:57,9,1,421
BRDA:61,10,0,3
BRDA:61,10,1,421
BRDA:63,11,0,0
BRDA:63,11,1,421
BRDA:65,12,0,1
BRDA:65,12,1,420
BRDA:69,13,0,3
BRDA:69,13,1,421
BRDA:71,14,0,0
BRDA:71,14,1,421
BRDA:73,15,0,1
BRDA:73,15,1,420
BRDA:78,16,0,405
BRDA:78,16,1,19
BRDA:78,17,0,424
BRDA:78,17,1,405
BRDA:79,18,0,0
BRDA:79,18,1,405
BRDA:84,19,0,408
BRDA:84,19,1,16
BRDA:84,20,0,424
BRDA:84,20,1,408
BRDA:85,21,0,0
BRDA:85,21,1,408
BRDA:86,22,0,408
BRDA:86,22,1,408
BRDA:90,23,0,1
BRDA:90,23,1,407
BRDA:90,24,0,408
BRDA:90,24,1,408
BRDA:95,25,0,405
BRDA:95,25,1,19
BRDA:95,26,0,424
BRDA:95,26,1,405
BRDA:96,27,0,0
BRDA:96,27,1,405
BRDA:101,28,0,1
BRDA:101,28,1,423
BRDA:101,29,0,424
BRDA:101,29,1,1
BRDA:102,30,0,0
BRDA:102,30,1,1
BRDA:119,31,0,0
BRDA:119,31,1,220
BRDA:131,32,0,4
BRDA:131,32,1,215
BRDA:131,33,0,219
BRDA:131,33,1,218
BRDA:131,33,2,216
BRDA:138,34,0,9
BRDA:138,34,1,206
BRDA:148,35,0,206
BRDA:148,35,1,1
BRDA:149,36,0,220
BRDA:149,36,1,1
BRDA:150,37,0,220
BRDA:150,37,1,1
BRDA:151,38,0,220
BRDA:151,38,1,1
BRDA:167,39,0,1
BRDA:167,39,1,206
BRDA:178,40,0,206
BRDA:178,40,1,6
BRDA:179,41,0,207
BRDA:179,41,1,4
BRDA:180,42,0,207
BRDA:180,42,1,6
BRDA:181,43,0,207
BRDA:181,43,1,0
BRDA:209,44,0,2
BRF:89
BRH:77
end_of_record
TN:
SF:src\utils\categoryIcons.js
FN:17,getCategoryIcon
FN:45,getFinancialStatusBadge
FNF:2
FNH:0
FNDA:0,getCategoryIcon
FNDA:0,getFinancialStatusBadge
DA:18,0
DA:20,0
DA:22,0
DA:23,0
DA:24,0
DA:25,0
DA:26,0
DA:27,0
DA:28,0
DA:29,0
DA:30,0
DA:31,0
DA:32,0
DA:33,0
DA:34,0
DA:35,0
DA:37,0
DA:46,0
DA:48,0
DA:56,0
LF:20
LH:0
BRDA:18,0,0,0
BRDA:18,0,1,0
BRDA:22,1,0,0
BRDA:22,1,1,0
BRDA:22,2,0,0
BRDA:22,2,1,0
BRDA:24,3,0,0
BRDA:24,3,1,0
BRDA:24,4,0,0
BRDA:24,4,1,0
BRDA:24,4,2,0
BRDA:26,5,0,0
BRDA:26,5,1,0
BRDA:26,6,0,0
BRDA:26,6,1,0
BRDA:28,7,0,0
BRDA:28,7,1,0
BRDA:28,8,0,0
BRDA:28,8,1,0
BRDA:30,9,0,0
BRDA:30,9,1,0
BRDA:30,10,0,0
BRDA:30,10,1,0
BRDA:30,10,2,0
BRDA:32,11,0,0
BRDA:32,11,1,0
BRDA:32,12,0,0
BRDA:32,12,1,0
BRDA:32,12,2,0
BRDA:34,13,0,0
BRDA:34,13,1,0
BRDA:34,14,0,0
BRDA:34,14,1,0
BRDA:34,14,2,0
BRDA:46,15,0,0
BRDA:46,15,1,0
BRDA:56,16,0,0
BRDA:56,16,1,0
BRDA:56,17,0,0
BRDA:56,17,1,0
BRF:40
BRH:0
end_of_record
TN:
SF:src\utils\categoryIcons.jsx
FN:8,FinancialStatusBadge
FNF:1
FNH:0
FNDA:0,FinancialStatusBadge
DA:9,0
DA:11,0
LF:2
LH:0
BRF:0
BRH:0
end_of_record
TN:
SF:src\utils\currency.js
FN:6,(anonymous_0)
FN:16,(anonymous_1)
FNF:2
FNH:0
FNDA:0,(anonymous_0)
FNDA:0,(anonymous_1)
DA:6,0
DA:7,0
DA:8,0
DA:16,0
DA:17,0
LF:5
LH:0
BRF:0
BRH:0
end_of_record
TN:
SF:src\utils\passwordStrength.js
FN:6,evaluatePasswordStrength
FNF:1
FNH:1
FNDA:24,evaluatePasswordStrength
DA:7,24
DA:9,20
DA:10,20
DA:11,20
DA:12,20
DA:13,20
DA:15,20
DA:23,20
LF:8
LH:8
BRDA:7,0,0,4
BRDA:7,0,1,20
BRDA:10,1,0,15
BRDA:10,1,1,5
BRDA:11,2,0,15
BRDA:11,2,1,5
BRDA:12,3,0,13
BRDA:12,3,1,7
BRDA:13,4,0,11
BRDA:13,4,1,9
BRF:10
BRH:10
end_of_record
