TN:
SF:src\app.js
FNF:0
FNH:0
DA:1,1
DA:2,1
DA:3,1
DA:4,1
DA:5,1
DA:6,1
DA:7,1
DA:8,1
DA:9,1
DA:10,1
DA:11,1
DA:12,1
DA:13,1
DA:14,1
DA:15,1
DA:16,1
DA:17,1
DA:18,1
DA:19,1
DA:20,1
DA:21,1
DA:22,1
DA:23,1
DA:24,1
DA:25,1
DA:26,1
DA:27,1
DA:28,1
DA:29,1
DA:30,1
DA:31,1
DA:32,1
DA:33,1
DA:34,1
DA:35,1
DA:36,1
DA:37,1
DA:38,1
DA:39,0
DA:40,1
DA:41,1
DA:42,1
LF:42
LH:41
BRF:0
BRH:0
end_of_record
TN:
SF:src\controllers\authController.js
FN:10,generateToken
FN:16,register
FN:59,login
FN:98,googleLogin
FN:155,forgotPassword
FN:195,resetPassword
FNF:6
FNH:6
FNDA:2,generateToken
FNDA:2,register
FNDA:5,login
FNDA:2,googleLogin
FNDA:3,forgotPassword
FNDA:3,resetPassword
DA:1,1
DA:2,1
DA:3,1
DA:4,1
DA:5,1
DA:6,1
DA:7,1
DA:8,1
DA:9,1
DA:10,1
DA:11,2
DA:12,2
DA:13,2
DA:14,2
DA:15,1
DA:16,1
DA:17,2
DA:18,2
DA:19,2
DA:20,2
DA:21,0
DA:22,0
DA:23,2
DA:24,2
DA:25,2
DA:26,2
DA:27,2
DA:28,2
DA:29,1
DA:30,1
DA:31,1
DA:32,1
DA:33,1
DA:34,1
DA:35,1
DA:36,1
DA:37,1
DA:38,1
DA:39,1
DA:40,1
DA:41,1
DA:42,1
DA:43,1
DA:44,1
DA:45,1
DA:46,1
DA:47,1
DA:48,1
DA:49,1
DA:50,1
DA:51,1
DA:52,1
DA:53,2
DA:54,0
DA:55,0
DA:56,0
DA:57,2
DA:58,1
DA:59,1
DA:60,5
DA:61,5
DA:62,5
DA:63,5
DA:64,1
DA:65,1
DA:66,4
DA:67,4
DA:68,4
DA:69,4
DA:70,4
DA:71,5
DA:72,2
DA:73,2
DA:74,2
DA:75,2
DA:76,2
DA:77,4
DA:78,1
DA:79,1
DA:80,1
DA:81,1
DA:82,1
DA:83,1
DA:84,1
DA:85,1
DA:86,1
DA:87,1
DA:88,1
DA:89,1
DA:90,1
DA:91,1
DA:92,4
DA:93,0
DA:94,0
DA:95,0
DA:96,5
DA:97,1
DA:98,1
DA:99,2
DA:100,2
DA:101,2
DA:102,2
DA:103,1
DA:104,1
DA:105,1
DA:106,1
DA:107,1
DA:108,1
DA:109,1
DA:110,1
DA:111,1
DA:112,1
DA:113,1
DA:114,1
DA:115,1
DA:116,1
DA:117,1
DA:118,0
DA:119,0
DA:120,0
DA:121,0
DA:122,0
DA:123,0
DA:124,0
DA:125,0
DA:126,0
DA:127,0
DA:128,0
DA:129,0
DA:130,0
DA:131,0
DA:132,0
DA:133,0
DA:134,0
DA:135,0
DA:136,0
DA:137,0
DA:138,0
DA:139,0
DA:140,0
DA:141,0
DA:142,0
DA:143,0
DA:144,0
DA:145,0
DA:146,0
DA:147,0
DA:148,0
DA:149,2
DA:150,1
DA:151,1
DA:152,1
DA:153,2
DA:154,1
DA:155,1
DA:156,3
DA:157,3
DA:158,3
DA:159,3
DA:160,1
DA:161,1
DA:162,2
DA:163,2
DA:164,2
DA:165,2
DA:166,2
DA:167,3
DA:168,1
DA:169,1
DA:170,1
DA:171,1
DA:172,1
DA:173,1
DA:174,1
DA:175,1
DA:176,1
DA:177,1
DA:178,1
DA:179,1
DA:180,1
DA:181,1
DA:182,1
DA:183,1
DA:184,1
DA:185,1
DA:186,1
DA:187,1
DA:188,1
DA:189,3
DA:190,0
DA:191,0
DA:192,0
DA:193,3
DA:194,1
DA:195,1
DA:196,3
DA:197,3
DA:198,3
DA:199,3
DA:200,1
DA:201,1
DA:202,2
DA:203,2
DA:204,2
DA:205,2
DA:206,2
DA:207,2
DA:208,2
DA:209,2
DA:210,2
DA:211,2
DA:212,3
DA:213,1
DA:214,1
DA:215,1
DA:216,1
DA:217,1
DA:218,1
DA:219,1
DA:220,1
DA:221,1
DA:222,1
DA:223,1
DA:224,1
DA:225,1
DA:226,1
DA:227,1
DA:228,3
DA:229,0
DA:230,0
DA:231,0
DA:232,3
LF:232
LH:187
BRDA:10,0,0,2
BRDA:11,1,0,0
BRDA:16,2,0,2
BRDA:20,3,0,0
BRDA:28,4,0,1
BRDA:53,5,0,0
BRDA:59,6,0,5
BRDA:63,7,0,1
BRDA:66,8,0,4
BRDA:71,9,0,2
BRDA:74,10,0,4
BRDA:74,11,0,2
BRDA:77,12,0,1
BRDA:92,13,0,0
BRDA:98,14,0,2
BRDA:102,15,0,1
BRDA:118,16,0,0
BRDA:149,17,0,1
BRDA:155,18,0,3
BRDA:159,19,0,1
BRDA:162,20,0,2
BRDA:167,21,0,1
BRDA:189,22,0,0
BRDA:195,23,0,3
BRDA:199,24,0,1
BRDA:202,25,0,2
BRDA:212,26,0,1
BRDA:228,27,0,0
BRF:28
BRH:21
end_of_record
TN:
SF:src\controllers\gamificationController.js
FN:5,getGamification
FNF:1
FNH:0
FNDA:0,getGamification
DA:1,1
DA:2,1
DA:3,1
DA:4,1
DA:5,1
DA:6,0
DA:7,0
DA:8,0
DA:9,0
DA:10,0
DA:11,0
DA:12,0
DA:13,0
DA:14,0
LF:14
LH:5
BRF:0
BRH:0
end_of_record
TN:
SF:src\controllers\transactionController.js
FN:11,scanStruk
FN:80,getDashboard
FN:185,createTransaction
FN:221,getTransactions
FN:240,getTransactionById
FN:266,updateTransaction
FN:301,deleteTransaction
FNF:7
FNH:5
FNDA:0,scanStruk
FNDA:0,getDashboard
FNDA:3,createTransaction
FNDA:2,getTransactions
FNDA:3,getTransactionById
FNDA:2,updateTransaction
FNDA:2,deleteTransaction
DA:1,1
DA:2,1
DA:7,1
DA:8,1
DA:9,1
DA:10,1
DA:11,1
DA:12,0
DA:13,0
DA:14,0
DA:15,0
DA:16,0
DA:17,0
DA:18,0
DA:19,0
DA:20,0
DA:21,0
DA:22,0
DA:23,0
DA:24,0
DA:25,0
DA:26,0
DA:27,0
DA:28,0
DA:29,0
DA:30,0
DA:31,0
DA:32,0
DA:33,0
DA:34,0
DA:35,0
DA:36,0
DA:37,0
DA:38,0
DA:39,0
DA:40,0
DA:41,0
DA:42,0
DA:43,0
DA:44,0
DA:45,0
DA:46,0
DA:47,0
DA:48,0
DA:49,0
DA:50,0
DA:51,0
DA:52,0
DA:53,0
DA:54,0
DA:55,0
DA:56,0
DA:57,0
DA:58,0
DA:59,0
DA:60,0
DA:61,0
DA:62,0
DA:63,0
DA:64,0
DA:65,0
DA:66,0
DA:67,0
DA:68,0
DA:69,0
DA:70,0
DA:71,0
DA:72,0
DA:73,0
DA:74,0
DA:75,0
DA:76,1
DA:77,1
DA:78,1
DA:79,1
DA:80,1
DA:81,0
DA:82,0
DA:83,0
DA:84,0
DA:85,0
DA:86,0
DA:87,0
DA:88,0
DA:89,0
DA:90,0
DA:91,0
DA:92,0
DA:93,0
DA:94,0
DA:95,0
DA:96,0
DA:97,0
DA:98,0
DA:99,0
DA:100,0
DA:101,0
DA:102,0
DA:103,0
DA:104,0
DA:105,0
DA:106,0
DA:107,0
DA:108,0
DA:109,0
DA:110,0
DA:111,0
DA:112,0
DA:113,0
DA:114,0
DA:115,0
DA:116,0
DA:117,0
DA:118,0
DA:119,0
DA:120,0
DA:121,0
DA:122,0
DA:123,0
DA:124,0
DA:125,0
DA:126,0
DA:127,0
DA:128,0
DA:129,0
DA:130,0
DA:131,0
DA:132,0
DA:133,0
DA:134,0
DA:135,0
DA:136,0
DA:137,0
DA:138,0
DA:139,0
DA:140,0
DA:141,0
DA:142,0
DA:143,0
DA:144,0
DA:145,0
DA:146,0
DA:147,0
DA:148,0
DA:149,0
DA:150,0
DA:151,0
DA:152,0
DA:153,0
DA:154,0
DA:155,0
DA:156,0
DA:157,0
DA:158,0
DA:159,0
DA:160,0
DA:161,0
DA:162,0
DA:163,0
DA:164,0
DA:165,0
DA:166,0
DA:167,0
DA:168,0
DA:169,0
DA:170,0
DA:171,0
DA:172,0
DA:173,0
DA:174,0
DA:175,0
DA:176,0
DA:177,0
DA:178,0
DA:179,0
DA:180,0
DA:181,1
DA:182,1
DA:183,1
DA:184,1
DA:185,1
DA:186,3
DA:187,3
DA:188,3
DA:189,3
DA:190,3
DA:191,2
DA:192,2
DA:193,1
DA:194,1
DA:195,1
DA:196,1
DA:197,1
DA:198,1
DA:199,3
DA:200,3
DA:201,3
DA:202,3
DA:203,3
DA:204,1
DA:205,1
DA:206,1
DA:207,1
DA:208,1
DA:209,1
DA:210,1
DA:211,1
DA:212,3
DA:213,0
DA:214,0
DA:215,0
DA:216,3
DA:217,1
DA:218,1
DA:219,1
DA:220,1
DA:221,1
DA:222,2
DA:223,2
DA:224,2
DA:225,2
DA:226,2
DA:227,2
DA:228,2
DA:229,2
DA:230,2
DA:231,0
DA:232,0
DA:233,0
DA:234,2
DA:235,1
DA:236,1
DA:237,1
DA:238,1
DA:239,1
DA:240,1
DA:241,3
DA:242,3
DA:243,3
DA:244,3
DA:245,3
DA:246,3
DA:247,3
DA:248,3
DA:249,3
DA:250,3
DA:251,3
DA:252,3
DA:253,2
DA:254,2
DA:255,1
DA:256,1
DA:257,3
DA:258,0
DA:259,0
DA:260,0
DA:261,3
DA:262,1
DA:263,1
DA:264,1
DA:265,1
DA:266,1
DA:267,2
DA:268,2
DA:269,2
DA:270,2
DA:271,2
DA:272,2
DA:273,2
DA:274,2
DA:275,2
DA:276,2
DA:277,1
DA:278,1
DA:279,1
DA:280,1
DA:281,1
DA:282,1
DA:283,2
DA:284,2
DA:285,2
DA:286,2
DA:287,2
DA:288,2
DA:289,2
DA:290,1
DA:291,1
DA:292,2
DA:293,0
DA:294,0
DA:295,0
DA:296,2
DA:297,1
DA:298,1
DA:299,1
DA:300,1
DA:301,1
DA:302,2
DA:303,2
DA:304,2
DA:305,2
DA:306,2
DA:307,2
DA:308,2
DA:309,2
DA:310,2
DA:311,1
DA:312,1
DA:313,1
DA:314,1
DA:315,1
DA:316,1
DA:317,1
DA:318,1
DA:319,2
DA:320,0
DA:321,0
DA:322,0
DA:323,2
LF:319
LH:140
BRDA:185,0,0,3
BRDA:190,1,0,2
BRDA:190,2,0,2
BRDA:193,3,0,1
BRDA:199,4,0,0
BRDA:199,5,0,1
BRDA:204,6,0,1
BRDA:212,7,0,0
BRDA:221,8,0,2
BRDA:230,9,0,0
BRDA:240,10,0,3
BRDA:252,11,0,2
BRDA:255,12,0,1
BRDA:257,13,0,0
BRDA:266,14,0,2
BRDA:276,15,0,1
BRDA:283,16,0,0
BRDA:283,17,0,1
BRDA:286,18,0,0
BRDA:286,19,0,1
BRDA:290,20,0,1
BRDA:292,21,0,0
BRDA:301,22,0,2
BRDA:310,23,0,1
BRDA:319,24,0,0
BRF:25
BRH:17
end_of_record
TN:
SF:src\middleware\authMiddleware.js
FN:4,authMiddleware
FNF:1
FNH:1
FNDA:20,authMiddleware
DA:1,1
DA:2,1
DA:3,1
DA:4,1
DA:5,20
DA:6,20
DA:7,20
DA:8,20
DA:9,3
DA:10,3
DA:11,17
DA:12,17
DA:13,17
DA:14,17
DA:15,20
DA:16,20
DA:17,20
DA:18,20
DA:19,20
DA:20,20
DA:21,20
DA:22,15
DA:23,20
DA:24,1
DA:25,1
DA:26,14
DA:27,14
DA:28,14
DA:29,15
DA:30,2
DA:31,2
DA:32,2
DA:33,20
DA:34,1
DA:35,1
LF:35
LH:35
BRDA:4,0,0,20
BRDA:8,1,0,18
BRDA:8,2,0,3
BRDA:11,3,0,17
BRDA:15,4,0,0
BRDA:22,5,0,15
BRDA:23,6,0,1
BRDA:26,7,0,15
BRDA:26,8,0,14
BRDA:29,9,0,2
BRF:10
BRH:9
end_of_record
TN:
SF:src\routes\authRoutes.js
FNF:0
FNH:0
DA:1,1
DA:2,1
DA:3,1
DA:4,1
DA:5,1
DA:6,1
DA:7,1
DA:8,1
DA:9,1
DA:10,1
DA:11,1
DA:12,1
LF:12
LH:12
BRF:0
BRH:0
end_of_record
TN:
SF:src\routes\chatbotRoutes.js
FNF:0
FNH:0
DA:1,1
DA:2,1
DA:3,1
DA:4,1
DA:5,1
DA:6,1
DA:7,1
DA:8,1
DA:9,1
DA:10,1
LF:10
LH:10
BRF:0
BRH:0
end_of_record
TN:
SF:src\routes\gamificationRoutes.js
FNF:0
FNH:0
DA:1,1
DA:2,1
DA:3,1
DA:4,1
DA:5,1
DA:6,1
DA:7,1
DA:8,1
DA:9,1
DA:10,1
LF:10
LH:10
BRF:0
BRH:0
end_of_record
TN:
SF:src\routes\savingGoalRoutes.js
FNF:0
FNH:0
DA:1,1
DA:2,1
DA:9,1
DA:10,1
DA:11,1
DA:12,1
DA:13,1
DA:14,1
DA:15,1
DA:16,1
DA:17,1
DA:18,1
DA:19,1
DA:20,1
DA:21,1
LF:15
LH:15
BRF:0
BRH:0
end_of_record
TN:
SF:src\routes\transactionRoutes.js
FNF:0
FNH:0
DA:1,1
DA:2,1
DA:11,1
DA:12,1
DA:13,1
DA:14,1
DA:15,1
DA:16,1
DA:17,1
DA:18,1
DA:19,1
DA:20,1
DA:21,1
DA:22,1
DA:23,1
DA:24,1
DA:25,1
DA:26,1
DA:27,1
DA:28,1
DA:29,1
DA:30,1
DA:31,1
LF:23
LH:23
BRF:0
BRH:0
end_of_record
TN:
SF:src\routes\userRoutes.js
FNF:0
FNH:0
DA:1,1
DA:2,1
DA:3,1
DA:4,1
DA:5,1
DA:6,1
DA:7,1
DA:8,1
DA:9,1
DA:10,1
DA:11,1
DA:12,1
DA:13,1
DA:14,1
DA:15,1
DA:16,1
DA:17,1
DA:18,1
DA:19,1
DA:20,1
LF:20
LH:20
BRF:0
BRH:0
end_of_record
TN:
SF:src\services\gamificationService.js
FN:133,getLevelFromPoin
FN:143,getOrCreateGameStats
FN:154,addPoin
FN:166,awardBadge
FN:188,updateStreak
FN:248,checkTransaksiBadges
FN:273,checkGoalBadges
FN:296,getGamificationData
FNF:8
FNH:7
FNDA:46,getLevelFromPoin
FNDA:28,getOrCreateGameStats
FNDA:21,addPoin
FNDA:25,awardBadge
FNDA:5,updateStreak
FNDA:5,checkTransaksiBadges
FNDA:4,checkGoalBadges
FNDA:0,getGamificationData
DA:1,1
DA:2,1
DA:3,1
DA:4,1
DA:5,1
DA:6,1
DA:7,1
DA:8,1
DA:9,1
DA:10,1
DA:11,1
DA:12,1
DA:13,1
DA:14,1
DA:15,1
DA:16,1
DA:17,1
DA:18,1
DA:19,1
DA:20,1
DA:21,1
DA:22,1
DA:23,1
DA:24,1
DA:25,1
DA:26,1
DA:27,1
DA:28,1
DA:29,1
DA:30,1
DA:31,1
DA:32,1
DA:33,1
DA:34,1
DA:35,1
DA:36,1
DA:37,1
DA:38,1
DA:39,1
DA:40,1
DA:41,1
DA:42,1
DA:43,1
DA:44,1
DA:45,1
DA:46,1
DA:47,1
DA:48,1
DA:49,1
DA:50,1
DA:51,1
DA:52,1
DA:53,1
DA:54,1
DA:55,1
DA:56,1
DA:57,1
DA:58,1
DA:59,1
DA:60,1
DA:61,1
DA:62,1
DA:63,1
DA:64,1
DA:65,1
DA:66,1
DA:67,1
DA:68,1
DA:69,1
DA:70,1
DA:71,1
DA:72,1
DA:73,1
DA:74,1
DA:75,1
DA:76,1
DA:77,1
DA:78,1
DA:79,1
DA:80,1
DA:81,1
DA:82,1
DA:83,1
DA:84,1
DA:85,1
DA:86,1
DA:87,1
DA:88,1
DA:89,1
DA:90,1
DA:91,1
DA:92,1
DA:93,1
DA:94,1
DA:95,1
DA:96,1
DA:97,1
DA:98,1
DA:99,1
DA:100,1
DA:101,1
DA:102,1
DA:103,1
DA:104,1
DA:105,1
DA:106,1
DA:107,1
DA:108,1
DA:109,1
DA:110,1
DA:111,1
DA:112,1
DA:113,1
DA:114,1
DA:115,1
DA:116,1
DA:117,1
DA:118,1
DA:119,1
DA:120,1
DA:121,1
DA:122,1
DA:123,1
DA:124,1
DA:125,1
DA:126,1
DA:127,1
DA:128,1
DA:129,1
DA:130,1
DA:131,1
DA:132,1
DA:133,1
DA:134,46
DA:135,46
DA:136,276
DA:137,276
DA:138,46
DA:139,46
DA:140,46
DA:141,1
DA:142,1
DA:143,1
DA:144,28
DA:145,28
DA:146,1
DA:147,1
DA:148,1
DA:149,1
DA:150,28
DA:151,28
DA:152,1
DA:153,1
DA:154,1
DA:155,21
DA:156,21
DA:157,21
DA:158,21
DA:159,21
DA:160,21
DA:161,21
DA:162,21
DA:163,21
DA:164,1
DA:165,1
DA:166,1
DA:167,25
DA:168,25
DA:169,24
DA:170,24
DA:171,24
DA:172,24
DA:173,24
DA:174,24
DA:175,25
DA:176,19
DA:177,19
DA:178,19
DA:179,19
DA:180,19
DA:181,19
DA:182,25
DA:183,0
DA:184,0
DA:185,25
DA:186,1
DA:187,1
DA:188,1
DA:189,5
DA:190,5
DA:191,5
DA:192,5
DA:193,5
DA:194,5
DA:195,5
DA:196,5
DA:197,4
DA:198,4
DA:199,4
DA:200,4
DA:201,4
DA:202,4
DA:203,4
DA:204,4
DA:205,4
DA:206,1
DA:207,1
DA:208,4
DA:209,2
DA:210,2
DA:211,3
DA:212,1
DA:213,1
DA:214,1
DA:215,5
DA:216,1
DA:217,1
DA:218,4
DA:219,4
DA:220,4
DA:221,4
DA:222,4
DA:223,4
DA:224,4
DA:225,4
DA:226,4
DA:227,4
DA:228,4
DA:229,4
DA:230,4
DA:231,5
DA:232,2
DA:233,2
DA:234,2
DA:235,5
DA:236,1
DA:237,1
DA:238,1
DA:239,5
DA:240,0
DA:241,0
DA:242,0
DA:243,4
DA:244,4
DA:245,4
DA:246,1
DA:247,1
DA:248,1
DA:249,5
DA:250,5
DA:251,5
DA:252,5
DA:253,5
DA:254,5
DA:255,5
DA:256,5
DA:257,4
DA:258,4
DA:259,4
DA:260,5
DA:261,2
DA:262,2
DA:263,2
DA:264,5
DA:265,1
DA:266,1
DA:267,1
DA:268,5
DA:269,5
DA:270,5
DA:271,1
DA:272,1
DA:273,1
DA:274,4
DA:275,4
DA:276,4
DA:277,4
DA:278,4
DA:279,4
DA:280,4
DA:281,4
DA:282,4
DA:283,4
DA:284,2
DA:285,2
DA:286,2
DA:287,4
DA:288,1
DA:289,1
DA:290,1
DA:291,4
DA:292,4
DA:293,4
DA:294,1
DA:295,1
DA:296,1
DA:297,0
DA:298,0
DA:299,0
DA:300,0
DA:301,0
DA:302,0
DA:303,0
DA:304,0
DA:305,0
DA:306,0
DA:307,0
DA:308,0
DA:309,0
DA:310,0
DA:311,0
DA:312,0
DA:313,0
DA:314,0
DA:315,0
DA:316,0
DA:317,0
DA:318,0
DA:319,0
DA:320,0
DA:321,0
DA:322,0
DA:323,0
DA:324,0
DA:325,0
DA:326,0
DA:327,0
DA:328,0
DA:329,0
DA:330,0
DA:331,0
DA:332,0
DA:333,0
DA:334,0
DA:335,0
DA:336,0
DA:337,0
DA:338,0
DA:339,0
DA:340,0
DA:341,0
DA:342,0
DA:343,0
LF:343
LH:291
BRDA:133,0,0,46
BRDA:135,1,0,276
BRDA:136,2,0,110
BRDA:138,3,0,3
BRDA:138,4,0,153
BRDA:143,5,0,28
BRDA:145,6,0,1
BRDA:154,7,0,21
BRDA:166,8,0,25
BRDA:168,9,0,1
BRDA:169,10,0,24
BRDA:175,11,0,5
BRDA:176,12,0,19
BRDA:182,13,0,0
BRDA:188,14,0,5
BRDA:196,15,0,4
BRDA:205,16,0,1
BRDA:208,17,0,3
BRDA:208,18,0,2
BRDA:211,19,0,1
BRDA:215,20,0,1
BRDA:218,21,0,4
BRDA:231,22,0,2
BRDA:233,23,0,0
BRDA:235,24,0,4
BRDA:235,25,0,1
BRDA:239,26,0,4
BRDA:239,27,0,0
BRDA:243,28,0,4
BRDA:248,29,0,5
BRDA:254,30,0,4
BRDA:256,31,0,4
BRDA:258,32,0,3
BRDA:260,33,0,2
BRDA:264,34,0,1
BRDA:273,35,0,4
BRDA:283,36,0,2
BRDA:287,37,0,1
BRDA:282,38,0,7
BRF:39
BRH:36
end_of_record
